#
# A fatal error has been detected by the Java Runtime Environment:
#
#  Internal Error (os_windows_x86.cpp:143), pid=6120, tid=14488
#  guarantee(result == EXCEPTION_CONTINUE_EXECUTION) failed: Unexpected result from topLevelExceptionFilter
#
# JRE version: OpenJDK Runtime Environment (18.0.2+9) (build 18.0.2+9-61)
# Java VM: OpenJDK 64-Bit Server VM (18.0.2+9-61, mixed mode, sharing, tiered, compressed oops, compressed class ptrs, g1 gc, windows-amd64)
# No core dump will be written. Minidumps are not enabled by default on client versions of Windows
#
# If you would like to submit a bug report, please visit:
#   https://bugreport.java.com/bugreport/crash.jsp
# The crash happened outside the Java Virtual Machine in native code.
# See problematic frame for where to report the bug.
#

---------------  S U M M A R Y ------------

Command Line: -Dfile.encoding=UTF8 -ea -Xmx1024m 

Host: Intel(R) Core(TM) i5-10210U CPU @ 1.60GHz, 8 cores, 15G,  Windows 10 , 64 bit Build 19041 (10.0.19041.1806)
Time: Thu Jul 28 19:22:56 2022 대한민국 표준시 elapsed time: 6461.710376 seconds (0d 1h 47m 41s)

---------------  T H R E A D  ---------------

Current thread (0x0000023797f02cf0):  JavaThread "Python Reference Queue" daemon [_thread_in_native, id=14488, stack(0x00000099de9d0000,0x00000099debc0000)]

Stack: [0x00000099de9d0000,0x00000099debc0000]
Native frames: (J=compiled Java code, j=interpreted, Vv=VM code, C=native code)
C  0x00007ff8b12593ca
C  0x00007ff8b13b481d
C  0x00007ff8b13b612e
C  0x00007ff8b13b6797
C  0x00007ff8b0e1cd0a
C  0x00007ff8b1258f9c
C  [ntdll.dll+0xa229f]
C  [ntdll.dll+0x51454]
C  [ntdll.dll+0xa0dce]
C  0x00007ff8a5898bbd

Java frames: (J=compiled Java code, j=interpreted, Vv=VM code)
j  org.jpype.ref.JPypeReferenceNative.wake()V+0
j  org.jpype.ref.JPypeReferenceQueue$Worker.run()V+42
j  java.lang.Thread.run()V+11 java.base@18.0.2
v  ~StubRoutines::call_stub

---------------  P R O C E S S  ---------------

Threads class SMR info:
_java_thread_list=0x00000237bc8d1070, length=14, elements={
0x0000023797efee60, 0x0000023797f03690, 0x0000023797effcd0, 0x0000023797f014e0,
0x0000023797f00670, 0x0000023797f04030, 0x0000023797f02820, 0x00000237980c2d60,
0x00000237980cabf0, 0x0000023797f019b0, 0x0000023797f00b40, 0x0000023797f01e80,
0x0000023797f02cf0, 0x00000237be83d6f0
}

Java Threads: ( => current thread )
  0x0000023797efee60 JavaThread "main" [_thread_in_Java, id=14896, stack(0x00000099d9600000,0x00000099d97f0000)]
  0x0000023797f03690 JavaThread "Reference Handler" daemon [_thread_blocked, id=11556, stack(0x00000099dd0a0000,0x00000099dd290000)]
  0x0000023797effcd0 JavaThread "Finalizer" daemon [_thread_blocked, id=5456, stack(0x00000099dd290000,0x00000099dd480000)]
  0x0000023797f014e0 JavaThread "Signal Dispatcher" daemon [_thread_blocked, id=9120, stack(0x00000099dd670000,0x00000099dd860000)]
  0x0000023797f00670 JavaThread "Attach Listener" daemon [_thread_blocked, id=11852, stack(0x00000099dd860000,0x00000099dda50000)]
  0x0000023797f04030 JavaThread "Service Thread" daemon [_thread_blocked, id=7596, stack(0x00000099dda50000,0x00000099ddc40000)]
  0x0000023797f02820 JavaThread "Monitor Deflation Thread" daemon [_thread_blocked, id=9916, stack(0x00000099ddc40000,0x00000099dde30000)]
  0x00000237980c2d60 JavaThread "C2 CompilerThread0" daemon [_thread_blocked, id=15332, stack(0x00000099dde30000,0x00000099de020000)]
  0x00000237980cabf0 JavaThread "C1 CompilerThread0" daemon [_thread_blocked, id=13508, stack(0x00000099de020000,0x00000099de210000)]
  0x0000023797f019b0 JavaThread "Sweeper thread" daemon [_thread_blocked, id=6704, stack(0x00000099de210000,0x00000099de400000)]
  0x0000023797f00b40 JavaThread "Notification Thread" daemon [_thread_blocked, id=15008, stack(0x00000099de400000,0x00000099de5f0000)]
  0x0000023797f01e80 JavaThread "Common-Cleaner" daemon [_thread_blocked, id=2020, stack(0x00000099de7e0000,0x00000099de9d0000)]
=>0x0000023797f02cf0 JavaThread "Python Reference Queue" daemon [_thread_in_native, id=14488, stack(0x00000099de9d0000,0x00000099debc0000)]
  0x00000237be83d6f0 JavaThread "Thread-1" daemon [_thread_in_native, id=13584, stack(0x00000099e14b0000,0x00000099e16a0000)]

Other Threads:
  0x0000023797fcac90 VMThread "VM Thread" [stack: 0x00000099dceb0000,0x00000099dd0a0000] [id=14656]
  0x0000023797cbdfb0 WatcherThread "VM Periodic Task Thread" [stack: 0x00000099de5f0000,0x00000099de7e0000] [id=6280]
  0x000002379810fb20 WorkerThread "GC Thread#0" [stack: 0x00000099d9bd0000,0x00000099d9dc0000] [id=14216]
  0x0000023798114f20 WorkerThread "GC Thread#1" [stack: 0x00000099dedb0000,0x00000099defa0000] [id=6052]
  0x0000023798111560 WorkerThread "GC Thread#2" [stack: 0x00000099defa0000,0x00000099df190000] [id=10300]
  0x0000023798115700 WorkerThread "GC Thread#3" [stack: 0x00000099df190000,0x00000099df380000] [id=7904]
  0x0000023798111020 WorkerThread "GC Thread#4" [stack: 0x00000099df380000,0x00000099df570000] [id=32]
  0x0000023798116180 WorkerThread "GC Thread#5" [stack: 0x00000099df570000,0x00000099df760000] [id=1040]
  0x0000023798110060 WorkerThread "GC Thread#6" [stack: 0x00000099df950000,0x00000099dfb40000] [id=14636]
  0x00000237981105a0 WorkerThread "GC Thread#7" [stack: 0x00000099dfb40000,0x00000099dfd30000] [id=10296]
  0x00000237981c8240 ConcurrentGCThread "G1 Main Marker" [stack: 0x00000099dc6f0000,0x00000099dc8e0000] [id=13300]
  0x000002379810f5e0 WorkerThread "G1 Conc#0" [stack: 0x00000099dc8e0000,0x00000099dcad0000] [id=12404]
  0x0000023798113a20 WorkerThread "G1 Conc#1" [stack: 0x00000099dfd30000,0x00000099dff20000] [id=14172]
  0x000002379814e060 ConcurrentGCThread "G1 Refine#0" [stack: 0x00000099dcad0000,0x00000099dccc0000] [id=14964]
  0x0000023798151030 ConcurrentGCThread "G1 Refine#1" [stack: 0x00000099dff20000,0x00000099e0110000] [id=6312]
  0x0000023798154e10 ConcurrentGCThread "G1 Refine#2" [stack: 0x00000099e0110000,0x00000099e0300000] [id=7540]
  0x000002379814e8d0 ConcurrentGCThread "G1 Refine#3" [stack: 0x00000099e0300000,0x00000099e04f0000] [id=8728]
  0x0000023797e79b60 ConcurrentGCThread "G1 Service" [stack: 0x00000099dccc0000,0x00000099dceb0000] [id=2168]

Threads with active compile tasks:

VM state: not at safepoint (normal execution)

VM Mutex/Monitor currently owned by a thread: None

Heap address: 0x00000000c0000000, size: 1024 MB, Compressed Oops mode: 32-bit

CDS archive(s) mapped at: [0x0000000800000000-0x0000000800ba0000-0x0000000800ba0000), size 12189696, SharedBaseAddress: 0x0000000800000000, ArchiveRelocationMode: 0.
Compressed class space mapped at: 0x0000000800c00000-0x0000000840c00000, reserved size: 1073741824
Narrow klass base: 0x0000000800000000, Narrow klass shift: 0, Narrow klass range: 0x100000000

GC Precious Log:
 CardTable entry size: 512
 Card Set container configuration: InlinePtr #cards 5 size 8 Array Of Cards #cards 12 size 40 Howl #buckets 4 coarsen threshold 1843 Howl Bitmap #cards 512 size 80 coarsen threshold 460 Card regions per heap region 1 cards per card region 2048
 CPUs: 8 total, 8 available
 Memory: 16198M
 Large Page Support: Disabled
 NUMA Support: Disabled
 Compressed Oops: Enabled (32-bit)
 Heap Region Size: 1M
 Heap Min Capacity: 8M
 Heap Initial Capacity: 254M
 Heap Max Capacity: 1G
 Pre-touch: Disabled
 Parallel Workers: 8
 Concurrent Workers: 2
 Concurrent Refinement Workers: 8
 Periodic GC: Disabled

Heap:
 garbage-first heap   total 249856K, used 118422K [0x00000000c0000000, 0x0000000100000000)
  region size 1024K, 41 young (41984K), 0 survivors (0K)
 Metaspace       used 9964K, committed 10240K, reserved 1114112K
  class space    used 1455K, committed 1600K, reserved 1048576K

Heap Regions: E=young(eden), S=young(survivor), O=old, HS=humongous(starts), HC=humongous(continues), CS=collection set, F=free, OA=open archive, CA=closed archive, TAMS=top-at-mark-start (previous, next)
|   0|0x00000000c0000000, 0x00000000c00ef648, 0x00000000c0100000| 93%| O|  |TAMS 0x00000000c0000000, 0x00000000c0000000| Untracked 
|   1|0x00000000c0100000, 0x00000000c01ffff8, 0x00000000c0200000| 99%| O|  |TAMS 0x00000000c01ffff8, 0x00000000c0100000| Untracked 
|   2|0x00000000c0200000, 0x00000000c02dcf90, 0x00000000c0300000| 86%| O|  |TAMS 0x00000000c0200000, 0x00000000c0200000| Untracked 
|   3|0x00000000c0300000, 0x00000000c0400000, 0x00000000c0400000|100%| O|  |TAMS 0x00000000c0400000, 0x00000000c0300000| Untracked 
|   4|0x00000000c0400000, 0x00000000c04ff418, 0x00000000c0500000| 99%| O|  |TAMS 0x00000000c04ff418, 0x00000000c0400000| Untracked 
|   5|0x00000000c0500000, 0x00000000c05fffd0, 0x00000000c0600000| 99%| O|  |TAMS 0x00000000c05fffd0, 0x00000000c0500000| Untracked 
|   6|0x00000000c0600000, 0x00000000c06ee338, 0x00000000c0700000| 93%| O|  |TAMS 0x00000000c0600000, 0x00000000c0600000| Untracked 
|   7|0x00000000c0700000, 0x00000000c07ffff0, 0x00000000c0800000| 99%| O|  |TAMS 0x00000000c07ffff0, 0x00000000c0700000| Untracked 
|   8|0x00000000c0800000, 0x00000000c08ffff0, 0x00000000c0900000| 99%| O|  |TAMS 0x00000000c08ffff0, 0x00000000c0800000| Untracked 
|   9|0x00000000c0900000, 0x00000000c09ffff8, 0x00000000c0a00000| 99%| O|  |TAMS 0x00000000c09ffff8, 0x00000000c0900000| Untracked 
|  10|0x00000000c0a00000, 0x00000000c0affff8, 0x00000000c0b00000| 99%| O|  |TAMS 0x00000000c0affff8, 0x00000000c0a00000| Untracked 
|  11|0x00000000c0b00000, 0x00000000c0c00000, 0x00000000c0c00000|100%| O|  |TAMS 0x00000000c0c00000, 0x00000000c0b00000| Untracked 
|  12|0x00000000c0c00000, 0x00000000c0d00000, 0x00000000c0d00000|100%|HS|  |TAMS 0x00000000c0d00000, 0x00000000c0c00000| Untracked 
|  13|0x00000000c0d00000, 0x00000000c0e00000, 0x00000000c0e00000|100%|HC|  |TAMS 0x00000000c0e00000, 0x00000000c0d00000| Untracked 
|  14|0x00000000c0e00000, 0x00000000c0f00000, 0x00000000c0f00000|100%| O|  |TAMS 0x00000000c0f00000, 0x00000000c0e00000| Untracked 
|  15|0x00000000c0f00000, 0x00000000c1000000, 0x00000000c1000000|100%|HS|  |TAMS 0x00000000c1000000, 0x00000000c0f00000| Untracked 
|  16|0x00000000c1000000, 0x00000000c1100000, 0x00000000c1100000|100%|HC|  |TAMS 0x00000000c1100000, 0x00000000c1000000| Untracked 
|  17|0x00000000c1100000, 0x00000000c1200000, 0x00000000c1200000|100%|HS|  |TAMS 0x00000000c1200000, 0x00000000c1100000| Untracked 
|  18|0x00000000c1200000, 0x00000000c12ffff0, 0x00000000c1300000| 99%| O|  |TAMS 0x00000000c12ffff0, 0x00000000c1200000| Untracked 
|  19|0x00000000c1300000, 0x00000000c13ffff8, 0x00000000c1400000| 99%| O|  |TAMS 0x00000000c13ffff8, 0x00000000c1300000| Untracked 
|  20|0x00000000c1400000, 0x00000000c1500000, 0x00000000c1500000|100%| O|  |TAMS 0x00000000c1500000, 0x00000000c1400000| Untracked 
|  21|0x00000000c1500000, 0x00000000c1600000, 0x00000000c1600000|100%|HS|  |TAMS 0x00000000c1600000, 0x00000000c1500000| Untracked 
|  22|0x00000000c1600000, 0x00000000c1700000, 0x00000000c1700000|100%|HS|  |TAMS 0x00000000c1700000, 0x00000000c1600000| Untracked 
|  23|0x00000000c1700000, 0x00000000c1800000, 0x00000000c1800000|100%| O|  |TAMS 0x00000000c1800000, 0x00000000c1700000| Untracked 
|  24|0x00000000c1800000, 0x00000000c1900000, 0x00000000c1900000|100%| O|  |TAMS 0x00000000c1900000, 0x00000000c1800000| Untracked 
|  25|0x00000000c1900000, 0x00000000c1a00000, 0x00000000c1a00000|100%| O|  |TAMS 0x00000000c1a00000, 0x00000000c1900000| Untracked 
|  26|0x00000000c1a00000, 0x00000000c1b00000, 0x00000000c1b00000|100%| O|  |TAMS 0x00000000c1b00000, 0x00000000c1a00000| Untracked 
|  27|0x00000000c1b00000, 0x00000000c1c00000, 0x00000000c1c00000|100%| O|  |TAMS 0x00000000c1c00000, 0x00000000c1b00000| Untracked 
|  28|0x00000000c1c00000, 0x00000000c1cffff8, 0x00000000c1d00000| 99%| O|  |TAMS 0x00000000c1cffff8, 0x00000000c1c00000| Untracked 
|  29|0x00000000c1d00000, 0x00000000c1dffff0, 0x00000000c1e00000| 99%| O|  |TAMS 0x00000000c1dffff0, 0x00000000c1d00000| Untracked 
|  30|0x00000000c1e00000, 0x00000000c1f00000, 0x00000000c1f00000|100%| O|  |TAMS 0x00000000c1f00000, 0x00000000c1e00000| Untracked 
|  31|0x00000000c1f00000, 0x00000000c2000000, 0x00000000c2000000|100%| O|  |TAMS 0x00000000c2000000, 0x00000000c1f00000| Untracked 
|  32|0x00000000c2000000, 0x00000000c2100000, 0x00000000c2100000|100%|HS|  |TAMS 0x00000000c2100000, 0x00000000c2000000| Untracked 
|  33|0x00000000c2100000, 0x00000000c2200000, 0x00000000c2200000|100%|HC|  |TAMS 0x00000000c2200000, 0x00000000c2100000| Untracked 
|  34|0x00000000c2200000, 0x00000000c2300000, 0x00000000c2300000|100%|HS|  |TAMS 0x00000000c2300000, 0x00000000c2200000| Untracked 
|  35|0x00000000c2300000, 0x00000000c2400000, 0x00000000c2400000|100%|HC|  |TAMS 0x00000000c2400000, 0x00000000c2300000| Untracked 
|  36|0x00000000c2400000, 0x00000000c24fffe8, 0x00000000c2500000| 99%| O|  |TAMS 0x00000000c24fffe8, 0x00000000c2400000| Untracked 
|  37|0x00000000c2500000, 0x00000000c2600000, 0x00000000c2600000|100%| O|  |TAMS 0x00000000c2600000, 0x00000000c2500000| Untracked 
|  38|0x00000000c2600000, 0x00000000c26ffff0, 0x00000000c2700000| 99%| O|  |TAMS 0x00000000c26ffff0, 0x00000000c2600000| Untracked 
|  39|0x00000000c2700000, 0x00000000c2800000, 0x00000000c2800000|100%| O|  |TAMS 0x00000000c2800000, 0x00000000c2700000| Untracked 
|  40|0x00000000c2800000, 0x00000000c28ffff0, 0x00000000c2900000| 99%| O|  |TAMS 0x00000000c28ffff0, 0x00000000c2800000| Untracked 
|  41|0x00000000c2900000, 0x00000000c2a00000, 0x00000000c2a00000|100%| O|  |TAMS 0x00000000c2a00000, 0x00000000c2900000| Untracked 
|  42|0x00000000c2a00000, 0x00000000c2affff8, 0x00000000c2b00000| 99%| O|  |TAMS 0x00000000c2affff8, 0x00000000c2a00000| Untracked 
|  43|0x00000000c2b00000, 0x00000000c2c00000, 0x00000000c2c00000|100%|HS|  |TAMS 0x00000000c2c00000, 0x00000000c2b00000| Untracked 
|  44|0x00000000c2c00000, 0x00000000c2d00000, 0x00000000c2d00000|100%|HC|  |TAMS 0x00000000c2d00000, 0x00000000c2c00000| Untracked 
|  45|0x00000000c2d00000, 0x00000000c2e00000, 0x00000000c2e00000|100%|HS|  |TAMS 0x00000000c2e00000, 0x00000000c2d00000| Untracked 
|  46|0x00000000c2e00000, 0x00000000c2f00000, 0x00000000c2f00000|100%|HC|  |TAMS 0x00000000c2f00000, 0x00000000c2e00000| Untracked 
|  47|0x00000000c2f00000, 0x00000000c3000000, 0x00000000c3000000|100%| O|  |TAMS 0x00000000c3000000, 0x00000000c2f00000| Untracked 
|  48|0x00000000c3000000, 0x00000000c3100000, 0x00000000c3100000|100%| O|  |TAMS 0x00000000c3100000, 0x00000000c3000000| Untracked 
|  49|0x00000000c3100000, 0x00000000c31f97a8, 0x00000000c3200000| 97%| O|  |TAMS 0x00000000c31f97a8, 0x00000000c3100000| Untracked 
|  50|0x00000000c3200000, 0x00000000c32ffff8, 0x00000000c3300000| 99%| O|  |TAMS 0x00000000c32ffff8, 0x00000000c3200000| Untracked 
|  51|0x00000000c3300000, 0x00000000c33ffff0, 0x00000000c3400000| 99%| O|  |TAMS 0x00000000c33ffff0, 0x00000000c3300000| Untracked 
|  52|0x00000000c3400000, 0x00000000c3500000, 0x00000000c3500000|100%| O|  |TAMS 0x00000000c3500000, 0x00000000c3400000| Untracked 
|  53|0x00000000c3500000, 0x00000000c3600000, 0x00000000c3600000|100%| O|  |TAMS 0x00000000c3600000, 0x00000000c3500000| Untracked 
|  54|0x00000000c3600000, 0x00000000c3700000, 0x00000000c3700000|100%| O|  |TAMS 0x00000000c3700000, 0x00000000c3600000| Untracked 
|  55|0x00000000c3700000, 0x00000000c3800000, 0x00000000c3800000|100%| O|  |TAMS 0x00000000c3800000, 0x00000000c3700000| Untracked 
|  56|0x00000000c3800000, 0x00000000c3900000, 0x00000000c3900000|100%| O|  |TAMS 0x00000000c3900000, 0x00000000c3800000| Untracked 
|  57|0x00000000c3900000, 0x00000000c39ffff0, 0x00000000c3a00000| 99%| O|  |TAMS 0x00000000c39ffff0, 0x00000000c3900000| Untracked 
|  58|0x00000000c3a00000, 0x00000000c3affff8, 0x00000000c3b00000| 99%| O|  |TAMS 0x00000000c3affff8, 0x00000000c3a00000| Untracked 
|  59|0x00000000c3b00000, 0x00000000c3bffff0, 0x00000000c3c00000| 99%| O|  |TAMS 0x00000000c3bffff0, 0x00000000c3b00000| Untracked 
|  60|0x00000000c3c00000, 0x00000000c3cffff8, 0x00000000c3d00000| 99%| O|  |TAMS 0x00000000c3cffff8, 0x00000000c3c00000| Untracked 
|  61|0x00000000c3d00000, 0x00000000c3dffff0, 0x00000000c3e00000| 99%| O|  |TAMS 0x00000000c3dffff0, 0x00000000c3d00000| Untracked 
|  62|0x00000000c3e00000, 0x00000000c3f00000, 0x00000000c3f00000|100%| O|  |TAMS 0x00000000c3f00000, 0x00000000c3e00000| Untracked 
|  63|0x00000000c3f00000, 0x00000000c3fffff8, 0x00000000c4000000| 99%| O|  |TAMS 0x00000000c3fffff8, 0x00000000c3f00000| Untracked 
|  64|0x00000000c4000000, 0x00000000c40ffff0, 0x00000000c4100000| 99%| O|  |TAMS 0x00000000c40ffff0, 0x00000000c4000000| Untracked 
|  65|0x00000000c4100000, 0x00000000c4200000, 0x00000000c4200000|100%| O|  |TAMS 0x00000000c4200000, 0x00000000c4100000| Untracked 
|  66|0x00000000c4200000, 0x00000000c42d3e30, 0x00000000c4300000| 82%| O|  |TAMS 0x00000000c4200000, 0x00000000c4200000| Untracked 
|  67|0x00000000c4300000, 0x00000000c432a7e0, 0x00000000c4400000| 16%| O|  |TAMS 0x00000000c4300000, 0x00000000c4300000| Untracked 
|  68|0x00000000c4400000, 0x00000000c4400000, 0x00000000c4500000|  0%| F|  |TAMS 0x00000000c4400000, 0x00000000c4400000| Untracked 
|  69|0x00000000c4500000, 0x00000000c4500000, 0x00000000c4600000|  0%| F|  |TAMS 0x00000000c4500000, 0x00000000c4500000| Untracked 
|  70|0x00000000c4600000, 0x00000000c4600000, 0x00000000c4700000|  0%| F|  |TAMS 0x00000000c4600000, 0x00000000c4600000| Untracked 
|  71|0x00000000c4700000, 0x00000000c4700000, 0x00000000c4800000|  0%| F|  |TAMS 0x00000000c4700000, 0x00000000c4700000| Untracked 
|  72|0x00000000c4800000, 0x00000000c4800000, 0x00000000c4900000|  0%| F|  |TAMS 0x00000000c4800000, 0x00000000c4800000| Untracked 
|  73|0x00000000c4900000, 0x00000000c4900000, 0x00000000c4a00000|  0%| F|  |TAMS 0x00000000c4900000, 0x00000000c4900000| Untracked 
|  74|0x00000000c4a00000, 0x00000000c4a00000, 0x00000000c4b00000|  0%| F|  |TAMS 0x00000000c4a00000, 0x00000000c4a00000| Untracked 
|  75|0x00000000c4b00000, 0x00000000c4c00000, 0x00000000c4c00000|100%| O|  |TAMS 0x00000000c4c00000, 0x00000000c4b00000| Untracked 
|  76|0x00000000c4c00000, 0x00000000c4c00000, 0x00000000c4d00000|  0%| F|  |TAMS 0x00000000c4c00000, 0x00000000c4c00000| Untracked 
|  77|0x00000000c4d00000, 0x00000000c4d00000, 0x00000000c4e00000|  0%| F|  |TAMS 0x00000000c4d00000, 0x00000000c4d00000| Untracked 
|  78|0x00000000c4e00000, 0x00000000c4e00000, 0x00000000c4f00000|  0%| F|  |TAMS 0x00000000c4e00000, 0x00000000c4e00000| Untracked 
|  79|0x00000000c4f00000, 0x00000000c4f00000, 0x00000000c5000000|  0%| F|  |TAMS 0x00000000c4f00000, 0x00000000c4f00000| Untracked 
|  80|0x00000000c5000000, 0x00000000c5000000, 0x00000000c5100000|  0%| F|  |TAMS 0x00000000c5000000, 0x00000000c5000000| Untracked 
|  81|0x00000000c5100000, 0x00000000c5100000, 0x00000000c5200000|  0%| F|  |TAMS 0x00000000c5100000, 0x00000000c5100000| Untracked 
|  82|0x00000000c5200000, 0x00000000c52ffff0, 0x00000000c5300000| 99%| O|  |TAMS 0x00000000c52ffff0, 0x00000000c5200000| Untracked 
|  83|0x00000000c5300000, 0x00000000c53ffff0, 0x00000000c5400000| 99%| O|  |TAMS 0x00000000c53ffff0, 0x00000000c5300000| Untracked 
|  84|0x00000000c5400000, 0x00000000c54ffff8, 0x00000000c5500000| 99%| O|  |TAMS 0x00000000c54ffff8, 0x00000000c5400000| Untracked 
|  85|0x00000000c5500000, 0x00000000c55ffff8, 0x00000000c5600000| 99%| O|  |TAMS 0x00000000c55ffff8, 0x00000000c5500000| Untracked 
|  86|0x00000000c5600000, 0x00000000c5600000, 0x00000000c5700000|  0%| F|  |TAMS 0x00000000c5600000, 0x00000000c5600000| Untracked 
|  87|0x00000000c5700000, 0x00000000c5700000, 0x00000000c5800000|  0%| F|  |TAMS 0x00000000c5700000, 0x00000000c5700000| Untracked 
|  88|0x00000000c5800000, 0x00000000c58f7e10, 0x00000000c5900000| 96%| O|  |TAMS 0x00000000c58f7e10, 0x00000000c5800000| Untracked 
|  89|0x00000000c5900000, 0x00000000c5900000, 0x00000000c5a00000|  0%| F|  |TAMS 0x00000000c5900000, 0x00000000c5900000| Untracked 
|  90|0x00000000c5a00000, 0x00000000c5afc0e0, 0x00000000c5b00000| 98%| O|  |TAMS 0x00000000c5afc0e0, 0x00000000c5a00000| Untracked 
|  91|0x00000000c5b00000, 0x00000000c5b00000, 0x00000000c5c00000|  0%| F|  |TAMS 0x00000000c5b00000, 0x00000000c5b00000| Untracked 
|  92|0x00000000c5c00000, 0x00000000c5c00000, 0x00000000c5d00000|  0%| F|  |TAMS 0x00000000c5c00000, 0x00000000c5c00000| Untracked 
|  93|0x00000000c5d00000, 0x00000000c5d00000, 0x00000000c5e00000|  0%| F|  |TAMS 0x00000000c5d00000, 0x00000000c5d00000| Untracked 
|  94|0x00000000c5e00000, 0x00000000c5e00000, 0x00000000c5f00000|  0%| F|  |TAMS 0x00000000c5e00000, 0x00000000c5e00000| Untracked 
|  95|0x00000000c5f00000, 0x00000000c5f00000, 0x00000000c6000000|  0%| F|  |TAMS 0x00000000c5f00000, 0x00000000c5f00000| Untracked 
|  96|0x00000000c6000000, 0x00000000c6000000, 0x00000000c6100000|  0%| F|  |TAMS 0x00000000c6000000, 0x00000000c6000000| Untracked 
|  97|0x00000000c6100000, 0x00000000c6100000, 0x00000000c6200000|  0%| F|  |TAMS 0x00000000c6100000, 0x00000000c6100000| Untracked 
|  98|0x00000000c6200000, 0x00000000c6200000, 0x00000000c6300000|  0%| F|  |TAMS 0x00000000c6200000, 0x00000000c6200000| Untracked 
|  99|0x00000000c6300000, 0x00000000c6300000, 0x00000000c6400000|  0%| F|  |TAMS 0x00000000c6300000, 0x00000000c6300000| Untracked 
| 100|0x00000000c6400000, 0x00000000c6400000, 0x00000000c6500000|  0%| F|  |TAMS 0x00000000c6400000, 0x00000000c6400000| Untracked 
| 101|0x00000000c6500000, 0x00000000c6500000, 0x00000000c6600000|  0%| F|  |TAMS 0x00000000c6500000, 0x00000000c6500000| Untracked 
| 102|0x00000000c6600000, 0x00000000c6600000, 0x00000000c6700000|  0%| F|  |TAMS 0x00000000c6600000, 0x00000000c6600000| Untracked 
| 103|0x00000000c6700000, 0x00000000c6700000, 0x00000000c6800000|  0%| F|  |TAMS 0x00000000c6700000, 0x00000000c6700000| Untracked 
| 104|0x00000000c6800000, 0x00000000c6800000, 0x00000000c6900000|  0%| F|  |TAMS 0x00000000c6800000, 0x00000000c6800000| Untracked 
| 105|0x00000000c6900000, 0x00000000c6900000, 0x00000000c6a00000|  0%| F|  |TAMS 0x00000000c6900000, 0x00000000c6900000| Untracked 
| 106|0x00000000c6a00000, 0x00000000c6a00000, 0x00000000c6b00000|  0%| F|  |TAMS 0x00000000c6a00000, 0x00000000c6a00000| Untracked 
| 107|0x00000000c6b00000, 0x00000000c6b00000, 0x00000000c6c00000|  0%| F|  |TAMS 0x00000000c6b00000, 0x00000000c6b00000| Untracked 
| 108|0x00000000c6c00000, 0x00000000c6c00000, 0x00000000c6d00000|  0%| F|  |TAMS 0x00000000c6c00000, 0x00000000c6c00000| Untracked 
| 109|0x00000000c6d00000, 0x00000000c6d00000, 0x00000000c6e00000|  0%| F|  |TAMS 0x00000000c6d00000, 0x00000000c6d00000| Untracked 
| 110|0x00000000c6e00000, 0x00000000c6e00000, 0x00000000c6f00000|  0%| F|  |TAMS 0x00000000c6e00000, 0x00000000c6e00000| Untracked 
| 111|0x00000000c6f00000, 0x00000000c6f00000, 0x00000000c7000000|  0%| F|  |TAMS 0x00000000c6f00000, 0x00000000c6f00000| Untracked 
| 112|0x00000000c7000000, 0x00000000c7000000, 0x00000000c7100000|  0%| F|  |TAMS 0x00000000c7000000, 0x00000000c7000000| Untracked 
| 113|0x00000000c7100000, 0x00000000c7100000, 0x00000000c7200000|  0%| F|  |TAMS 0x00000000c7100000, 0x00000000c7100000| Untracked 
| 114|0x00000000c7200000, 0x00000000c7200000, 0x00000000c7300000|  0%| F|  |TAMS 0x00000000c7200000, 0x00000000c7200000| Untracked 
| 115|0x00000000c7300000, 0x00000000c7300000, 0x00000000c7400000|  0%| F|  |TAMS 0x00000000c7300000, 0x00000000c7300000| Untracked 
| 116|0x00000000c7400000, 0x00000000c7400000, 0x00000000c7500000|  0%| F|  |TAMS 0x00000000c7400000, 0x00000000c7400000| Untracked 
| 117|0x00000000c7500000, 0x00000000c7500000, 0x00000000c7600000|  0%| F|  |TAMS 0x00000000c7500000, 0x00000000c7500000| Untracked 
| 118|0x00000000c7600000, 0x00000000c7600000, 0x00000000c7700000|  0%| F|  |TAMS 0x00000000c7600000, 0x00000000c7600000| Untracked 
| 119|0x00000000c7700000, 0x00000000c7700000, 0x00000000c7800000|  0%| F|  |TAMS 0x00000000c7700000, 0x00000000c7700000| Untracked 
| 120|0x00000000c7800000, 0x00000000c7800000, 0x00000000c7900000|  0%| F|  |TAMS 0x00000000c7800000, 0x00000000c7800000| Untracked 
| 121|0x00000000c7900000, 0x00000000c7900000, 0x00000000c7a00000|  0%| F|  |TAMS 0x00000000c7900000, 0x00000000c7900000| Untracked 
| 122|0x00000000c7a00000, 0x00000000c7a00000, 0x00000000c7b00000|  0%| F|  |TAMS 0x00000000c7a00000, 0x00000000c7a00000| Untracked 
| 123|0x00000000c7b00000, 0x00000000c7b00000, 0x00000000c7c00000|  0%| F|  |TAMS 0x00000000c7b00000, 0x00000000c7b00000| Untracked 
| 124|0x00000000c7c00000, 0x00000000c7c00000, 0x00000000c7d00000|  0%| F|  |TAMS 0x00000000c7c00000, 0x00000000c7c00000| Untracked 
| 125|0x00000000c7d00000, 0x00000000c7d00000, 0x00000000c7e00000|  0%| F|  |TAMS 0x00000000c7d00000, 0x00000000c7d00000| Untracked 
| 126|0x00000000c7e00000, 0x00000000c7e00000, 0x00000000c7f00000|  0%| F|  |TAMS 0x00000000c7e00000, 0x00000000c7e00000| Untracked 
| 127|0x00000000c7f00000, 0x00000000c7f00000, 0x00000000c8000000|  0%| F|  |TAMS 0x00000000c7f00000, 0x00000000c7f00000| Untracked 
| 128|0x00000000c8000000, 0x00000000c8000000, 0x00000000c8100000|  0%| F|  |TAMS 0x00000000c8000000, 0x00000000c8000000| Untracked 
| 129|0x00000000c8100000, 0x00000000c8100000, 0x00000000c8200000|  0%| F|  |TAMS 0x00000000c8100000, 0x00000000c8100000| Untracked 
| 130|0x00000000c8200000, 0x00000000c8200000, 0x00000000c8300000|  0%| F|  |TAMS 0x00000000c8200000, 0x00000000c8200000| Untracked 
| 131|0x00000000c8300000, 0x00000000c8300000, 0x00000000c8400000|  0%| F|  |TAMS 0x00000000c8300000, 0x00000000c8300000| Untracked 
| 132|0x00000000c8400000, 0x00000000c8400000, 0x00000000c8500000|  0%| F|  |TAMS 0x00000000c8400000, 0x00000000c8400000| Untracked 
| 133|0x00000000c8500000, 0x00000000c8500000, 0x00000000c8600000|  0%| F|  |TAMS 0x00000000c8500000, 0x00000000c8500000| Untracked 
| 134|0x00000000c8600000, 0x00000000c8600000, 0x00000000c8700000|  0%| F|  |TAMS 0x00000000c8600000, 0x00000000c8600000| Untracked 
| 135|0x00000000c8700000, 0x00000000c8800000, 0x00000000c8800000|100%| O|  |TAMS 0x00000000c8800000, 0x00000000c8700000| Untracked 
| 136|0x00000000c8800000, 0x00000000c8900000, 0x00000000c8900000|100%| O|  |TAMS 0x00000000c8900000, 0x00000000c8800000| Untracked 
| 137|0x00000000c8900000, 0x00000000c8a00000, 0x00000000c8a00000|100%| O|  |TAMS 0x00000000c8a00000, 0x00000000c8900000| Untracked 
| 138|0x00000000c8a00000, 0x00000000c8a00000, 0x00000000c8b00000|  0%| F|  |TAMS 0x00000000c8a00000, 0x00000000c8a00000| Untracked 
| 139|0x00000000c8b00000, 0x00000000c8b00000, 0x00000000c8c00000|  0%| F|  |TAMS 0x00000000c8b00000, 0x00000000c8b00000| Untracked 
| 140|0x00000000c8c00000, 0x00000000c8c00000, 0x00000000c8d00000|  0%| F|  |TAMS 0x00000000c8c00000, 0x00000000c8c00000| Untracked 
| 141|0x00000000c8d00000, 0x00000000c8d00000, 0x00000000c8e00000|  0%| F|  |TAMS 0x00000000c8d00000, 0x00000000c8d00000| Untracked 
| 142|0x00000000c8e00000, 0x00000000c8e00000, 0x00000000c8f00000|  0%| F|  |TAMS 0x00000000c8e00000, 0x00000000c8e00000| Untracked 
| 143|0x00000000c8f00000, 0x00000000c8f00000, 0x00000000c9000000|  0%| F|  |TAMS 0x00000000c8f00000, 0x00000000c8f00000| Untracked 
| 144|0x00000000c9000000, 0x00000000c9000000, 0x00000000c9100000|  0%| F|  |TAMS 0x00000000c9000000, 0x00000000c9000000| Untracked 
| 145|0x00000000c9100000, 0x00000000c9100000, 0x00000000c9200000|  0%| F|  |TAMS 0x00000000c9100000, 0x00000000c9100000| Untracked 
| 146|0x00000000c9200000, 0x00000000c9200000, 0x00000000c9300000|  0%| F|  |TAMS 0x00000000c9200000, 0x00000000c9200000| Untracked 
| 147|0x00000000c9300000, 0x00000000c9300000, 0x00000000c9400000|  0%| F|  |TAMS 0x00000000c9300000, 0x00000000c9300000| Untracked 
| 148|0x00000000c9400000, 0x00000000c9400000, 0x00000000c9500000|  0%| F|  |TAMS 0x00000000c9400000, 0x00000000c9400000| Untracked 
| 149|0x00000000c9500000, 0x00000000c9500000, 0x00000000c9600000|  0%| F|  |TAMS 0x00000000c9500000, 0x00000000c9500000| Untracked 
| 150|0x00000000c9600000, 0x00000000c9600000, 0x00000000c9700000|  0%| F|  |TAMS 0x00000000c9600000, 0x00000000c9600000| Untracked 
| 151|0x00000000c9700000, 0x00000000c9700000, 0x00000000c9800000|  0%| F|  |TAMS 0x00000000c9700000, 0x00000000c9700000| Untracked 
| 152|0x00000000c9800000, 0x00000000c9800000, 0x00000000c9900000|  0%| F|  |TAMS 0x00000000c9800000, 0x00000000c9800000| Untracked 
| 153|0x00000000c9900000, 0x00000000c9900000, 0x00000000c9a00000|  0%| F|  |TAMS 0x00000000c9900000, 0x00000000c9900000| Untracked 
| 154|0x00000000c9a00000, 0x00000000c9a00000, 0x00000000c9b00000|  0%| F|  |TAMS 0x00000000c9a00000, 0x00000000c9a00000| Untracked 
| 155|0x00000000c9b00000, 0x00000000c9b00000, 0x00000000c9c00000|  0%| F|  |TAMS 0x00000000c9b00000, 0x00000000c9b00000| Untracked 
| 156|0x00000000c9c00000, 0x00000000c9c00000, 0x00000000c9d00000|  0%| F|  |TAMS 0x00000000c9c00000, 0x00000000c9c00000| Untracked 
| 157|0x00000000c9d00000, 0x00000000c9d00000, 0x00000000c9e00000|  0%| F|  |TAMS 0x00000000c9d00000, 0x00000000c9d00000| Untracked 
| 158|0x00000000c9e00000, 0x00000000c9e00000, 0x00000000c9f00000|  0%| F|  |TAMS 0x00000000c9e00000, 0x00000000c9e00000| Untracked 
| 159|0x00000000c9f00000, 0x00000000c9f00000, 0x00000000ca000000|  0%| F|  |TAMS 0x00000000c9f00000, 0x00000000c9f00000| Untracked 
| 160|0x00000000ca000000, 0x00000000ca000000, 0x00000000ca100000|  0%| F|  |TAMS 0x00000000ca000000, 0x00000000ca000000| Untracked 
| 161|0x00000000ca100000, 0x00000000ca100000, 0x00000000ca200000|  0%| F|  |TAMS 0x00000000ca100000, 0x00000000ca100000| Untracked 
| 162|0x00000000ca200000, 0x00000000ca200000, 0x00000000ca300000|  0%| F|  |TAMS 0x00000000ca200000, 0x00000000ca200000| Untracked 
| 163|0x00000000ca300000, 0x00000000ca300000, 0x00000000ca400000|  0%| F|  |TAMS 0x00000000ca300000, 0x00000000ca300000| Untracked 
| 164|0x00000000ca400000, 0x00000000ca400000, 0x00000000ca500000|  0%| F|  |TAMS 0x00000000ca400000, 0x00000000ca400000| Untracked 
| 165|0x00000000ca500000, 0x00000000ca500000, 0x00000000ca600000|  0%| F|  |TAMS 0x00000000ca500000, 0x00000000ca500000| Untracked 
| 166|0x00000000ca600000, 0x00000000ca600000, 0x00000000ca700000|  0%| F|  |TAMS 0x00000000ca600000, 0x00000000ca600000| Untracked 
| 167|0x00000000ca700000, 0x00000000ca700000, 0x00000000ca800000|  0%| F|  |TAMS 0x00000000ca700000, 0x00000000ca700000| Untracked 
| 168|0x00000000ca800000, 0x00000000ca800000, 0x00000000ca900000|  0%| F|  |TAMS 0x00000000ca800000, 0x00000000ca800000| Untracked 
| 169|0x00000000ca900000, 0x00000000ca900000, 0x00000000caa00000|  0%| F|  |TAMS 0x00000000ca900000, 0x00000000ca900000| Untracked 
| 170|0x00000000caa00000, 0x00000000caa00000, 0x00000000cab00000|  0%| F|  |TAMS 0x00000000caa00000, 0x00000000caa00000| Untracked 
| 171|0x00000000cab00000, 0x00000000cab00000, 0x00000000cac00000|  0%| F|  |TAMS 0x00000000cab00000, 0x00000000cab00000| Untracked 
| 172|0x00000000cac00000, 0x00000000cac00000, 0x00000000cad00000|  0%| F|  |TAMS 0x00000000cac00000, 0x00000000cac00000| Untracked 
| 173|0x00000000cad00000, 0x00000000cad00000, 0x00000000cae00000|  0%| F|  |TAMS 0x00000000cad00000, 0x00000000cad00000| Untracked 
| 174|0x00000000cae00000, 0x00000000cae00000, 0x00000000caf00000|  0%| F|  |TAMS 0x00000000cae00000, 0x00000000cae00000| Untracked 
| 175|0x00000000caf00000, 0x00000000caf00000, 0x00000000cb000000|  0%| F|  |TAMS 0x00000000caf00000, 0x00000000caf00000| Untracked 
| 176|0x00000000cb000000, 0x00000000cb000000, 0x00000000cb100000|  0%| F|  |TAMS 0x00000000cb000000, 0x00000000cb000000| Untracked 
| 177|0x00000000cb100000, 0x00000000cb100000, 0x00000000cb200000|  0%| F|  |TAMS 0x00000000cb100000, 0x00000000cb100000| Untracked 
| 178|0x00000000cb200000, 0x00000000cb200000, 0x00000000cb300000|  0%| F|  |TAMS 0x00000000cb200000, 0x00000000cb200000| Untracked 
| 179|0x00000000cb300000, 0x00000000cb300000, 0x00000000cb400000|  0%| F|  |TAMS 0x00000000cb300000, 0x00000000cb300000| Untracked 
| 180|0x00000000cb400000, 0x00000000cb400000, 0x00000000cb500000|  0%| F|  |TAMS 0x00000000cb400000, 0x00000000cb400000| Untracked 
| 181|0x00000000cb500000, 0x00000000cb500000, 0x00000000cb600000|  0%| F|  |TAMS 0x00000000cb500000, 0x00000000cb500000| Untracked 
| 182|0x00000000cb600000, 0x00000000cb600000, 0x00000000cb700000|  0%| F|  |TAMS 0x00000000cb600000, 0x00000000cb600000| Untracked 
| 183|0x00000000cb700000, 0x00000000cb700000, 0x00000000cb800000|  0%| F|  |TAMS 0x00000000cb700000, 0x00000000cb700000| Untracked 
| 184|0x00000000cb800000, 0x00000000cb800000, 0x00000000cb900000|  0%| F|  |TAMS 0x00000000cb800000, 0x00000000cb800000| Untracked 
| 185|0x00000000cb900000, 0x00000000cb900000, 0x00000000cba00000|  0%| F|  |TAMS 0x00000000cb900000, 0x00000000cb900000| Untracked 
| 186|0x00000000cba00000, 0x00000000cba00000, 0x00000000cbb00000|  0%| F|  |TAMS 0x00000000cba00000, 0x00000000cba00000| Untracked 
| 187|0x00000000cbb00000, 0x00000000cbb00000, 0x00000000cbc00000|  0%| F|  |TAMS 0x00000000cbb00000, 0x00000000cbb00000| Untracked 
| 188|0x00000000cbc00000, 0x00000000cbc00000, 0x00000000cbd00000|  0%| F|  |TAMS 0x00000000cbc00000, 0x00000000cbc00000| Untracked 
| 189|0x00000000cbd00000, 0x00000000cbd00000, 0x00000000cbe00000|  0%| F|  |TAMS 0x00000000cbd00000, 0x00000000cbd00000| Untracked 
| 190|0x00000000cbe00000, 0x00000000cbe00000, 0x00000000cbf00000|  0%| F|  |TAMS 0x00000000cbe00000, 0x00000000cbe00000| Untracked 
| 191|0x00000000cbf00000, 0x00000000cbf00000, 0x00000000cc000000|  0%| F|  |TAMS 0x00000000cbf00000, 0x00000000cbf00000| Untracked 
| 192|0x00000000cc000000, 0x00000000cc000000, 0x00000000cc100000|  0%| F|  |TAMS 0x00000000cc000000, 0x00000000cc000000| Untracked 
| 193|0x00000000cc100000, 0x00000000cc100000, 0x00000000cc200000|  0%| F|  |TAMS 0x00000000cc100000, 0x00000000cc100000| Untracked 
| 194|0x00000000cc200000, 0x00000000cc200000, 0x00000000cc300000|  0%| F|  |TAMS 0x00000000cc200000, 0x00000000cc200000| Untracked 
| 195|0x00000000cc300000, 0x00000000cc300000, 0x00000000cc400000|  0%| F|  |TAMS 0x00000000cc300000, 0x00000000cc300000| Untracked 
| 196|0x00000000cc400000, 0x00000000cc400000, 0x00000000cc500000|  0%| F|  |TAMS 0x00000000cc400000, 0x00000000cc400000| Untracked 
| 197|0x00000000cc500000, 0x00000000cc500000, 0x00000000cc600000|  0%| F|  |TAMS 0x00000000cc500000, 0x00000000cc500000| Untracked 
| 198|0x00000000cc600000, 0x00000000cc600000, 0x00000000cc700000|  0%| F|  |TAMS 0x00000000cc600000, 0x00000000cc600000| Untracked 
| 199|0x00000000cc700000, 0x00000000cc700000, 0x00000000cc800000|  0%| F|  |TAMS 0x00000000cc700000, 0x00000000cc700000| Untracked 
| 200|0x00000000cc800000, 0x00000000cc900000, 0x00000000cc900000|100%| E|  |TAMS 0x00000000cc800000, 0x00000000cc800000| Complete 
| 201|0x00000000cc900000, 0x00000000cca00000, 0x00000000cca00000|100%| E|CS|TAMS 0x00000000cc900000, 0x00000000cc900000| Complete 
| 202|0x00000000cca00000, 0x00000000ccb00000, 0x00000000ccb00000|100%| E|CS|TAMS 0x00000000cca00000, 0x00000000cca00000| Complete 
| 203|0x00000000ccb00000, 0x00000000ccc00000, 0x00000000ccc00000|100%| E|CS|TAMS 0x00000000ccb00000, 0x00000000ccb00000| Complete 
| 204|0x00000000ccc00000, 0x00000000ccd00000, 0x00000000ccd00000|100%| E|CS|TAMS 0x00000000ccc00000, 0x00000000ccc00000| Complete 
| 205|0x00000000ccd00000, 0x00000000cce00000, 0x00000000cce00000|100%| E|CS|TAMS 0x00000000ccd00000, 0x00000000ccd00000| Complete 
| 206|0x00000000cce00000, 0x00000000ccf00000, 0x00000000ccf00000|100%| E|CS|TAMS 0x00000000cce00000, 0x00000000cce00000| Complete 
| 207|0x00000000ccf00000, 0x00000000cd000000, 0x00000000cd000000|100%| E|CS|TAMS 0x00000000ccf00000, 0x00000000ccf00000| Complete 
| 208|0x00000000cd000000, 0x00000000cd100000, 0x00000000cd100000|100%| E|CS|TAMS 0x00000000cd000000, 0x00000000cd000000| Complete 
| 209|0x00000000cd100000, 0x00000000cd200000, 0x00000000cd200000|100%| E|CS|TAMS 0x00000000cd100000, 0x00000000cd100000| Complete 
| 210|0x00000000cd200000, 0x00000000cd300000, 0x00000000cd300000|100%| E|CS|TAMS 0x00000000cd200000, 0x00000000cd200000| Complete 
| 211|0x00000000cd300000, 0x00000000cd400000, 0x00000000cd400000|100%| E|CS|TAMS 0x00000000cd300000, 0x00000000cd300000| Complete 
| 212|0x00000000cd400000, 0x00000000cd500000, 0x00000000cd500000|100%| E|CS|TAMS 0x00000000cd400000, 0x00000000cd400000| Complete 
| 213|0x00000000cd500000, 0x00000000cd600000, 0x00000000cd600000|100%| E|CS|TAMS 0x00000000cd500000, 0x00000000cd500000| Complete 
| 214|0x00000000cd600000, 0x00000000cd700000, 0x00000000cd700000|100%| E|CS|TAMS 0x00000000cd600000, 0x00000000cd600000| Complete 
| 215|0x00000000cd700000, 0x00000000cd800000, 0x00000000cd800000|100%| E|CS|TAMS 0x00000000cd700000, 0x00000000cd700000| Complete 
| 216|0x00000000cd800000, 0x00000000cd900000, 0x00000000cd900000|100%| E|CS|TAMS 0x00000000cd800000, 0x00000000cd800000| Complete 
| 217|0x00000000cd900000, 0x00000000cda00000, 0x00000000cda00000|100%| E|CS|TAMS 0x00000000cd900000, 0x00000000cd900000| Complete 
| 218|0x00000000cda00000, 0x00000000cdb00000, 0x00000000cdb00000|100%| E|CS|TAMS 0x00000000cda00000, 0x00000000cda00000| Complete 
| 219|0x00000000cdb00000, 0x00000000cdc00000, 0x00000000cdc00000|100%| E|CS|TAMS 0x00000000cdb00000, 0x00000000cdb00000| Complete 
| 220|0x00000000cdc00000, 0x00000000cdd00000, 0x00000000cdd00000|100%| E|CS|TAMS 0x00000000cdc00000, 0x00000000cdc00000| Complete 
| 221|0x00000000cdd00000, 0x00000000cde00000, 0x00000000cde00000|100%| E|CS|TAMS 0x00000000cdd00000, 0x00000000cdd00000| Complete 
| 222|0x00000000cde00000, 0x00000000cdf00000, 0x00000000cdf00000|100%| E|CS|TAMS 0x00000000cde00000, 0x00000000cde00000| Complete 
| 223|0x00000000cdf00000, 0x00000000ce000000, 0x00000000ce000000|100%| E|CS|TAMS 0x00000000cdf00000, 0x00000000cdf00000| Complete 
| 224|0x00000000ce000000, 0x00000000ce100000, 0x00000000ce100000|100%| E|CS|TAMS 0x00000000ce000000, 0x00000000ce000000| Complete 
| 225|0x00000000ce100000, 0x00000000ce200000, 0x00000000ce200000|100%| E|CS|TAMS 0x00000000ce100000, 0x00000000ce100000| Complete 
| 226|0x00000000ce200000, 0x00000000ce300000, 0x00000000ce300000|100%| E|CS|TAMS 0x00000000ce200000, 0x00000000ce200000| Complete 
| 227|0x00000000ce300000, 0x00000000ce400000, 0x00000000ce400000|100%| E|CS|TAMS 0x00000000ce300000, 0x00000000ce300000| Complete 
| 228|0x00000000ce400000, 0x00000000ce500000, 0x00000000ce500000|100%| E|CS|TAMS 0x00000000ce400000, 0x00000000ce400000| Complete 
| 229|0x00000000ce500000, 0x00000000ce600000, 0x00000000ce600000|100%| E|CS|TAMS 0x00000000ce500000, 0x00000000ce500000| Complete 
| 230|0x00000000ce600000, 0x00000000ce700000, 0x00000000ce700000|100%| E|CS|TAMS 0x00000000ce600000, 0x00000000ce600000| Complete 
| 231|0x00000000ce700000, 0x00000000ce800000, 0x00000000ce800000|100%| E|CS|TAMS 0x00000000ce700000, 0x00000000ce700000| Complete 
| 232|0x00000000ce800000, 0x00000000ce900000, 0x00000000ce900000|100%| E|CS|TAMS 0x00000000ce800000, 0x00000000ce800000| Complete 
| 233|0x00000000ce900000, 0x00000000cea00000, 0x00000000cea00000|100%| E|CS|TAMS 0x00000000ce900000, 0x00000000ce900000| Complete 
| 234|0x00000000cea00000, 0x00000000ceb00000, 0x00000000ceb00000|100%| E|CS|TAMS 0x00000000cea00000, 0x00000000cea00000| Complete 
| 235|0x00000000ceb00000, 0x00000000cec00000, 0x00000000cec00000|100%| E|CS|TAMS 0x00000000ceb00000, 0x00000000ceb00000| Complete 
| 236|0x00000000cec00000, 0x00000000ced00000, 0x00000000ced00000|100%| E|CS|TAMS 0x00000000cec00000, 0x00000000cec00000| Complete 
| 237|0x00000000ced00000, 0x00000000cee00000, 0x00000000cee00000|100%| E|CS|TAMS 0x00000000ced00000, 0x00000000ced00000| Complete 
| 238|0x00000000cee00000, 0x00000000cef00000, 0x00000000cef00000|100%| E|CS|TAMS 0x00000000cee00000, 0x00000000cee00000| Complete 
| 239|0x00000000cef00000, 0x00000000cf000000, 0x00000000cf000000|100%| E|CS|TAMS 0x00000000cef00000, 0x00000000cef00000| Complete 
| 240|0x00000000cf000000, 0x00000000cf100000, 0x00000000cf100000|100%| E|CS|TAMS 0x00000000cf000000, 0x00000000cf000000| Complete 
| 241|0x00000000cf100000, 0x00000000cf200000, 0x00000000cf200000|100%| E|CS|TAMS 0x00000000cf100000, 0x00000000cf100000| Complete 
| 242|0x00000000cf200000, 0x00000000cf300000, 0x00000000cf300000|100%| E|CS|TAMS 0x00000000cf200000, 0x00000000cf200000| Complete 
| 375|0x00000000d7700000, 0x00000000d7800000, 0x00000000d7800000|100%| E|CS|TAMS 0x00000000d7700000, 0x00000000d7700000| Complete 

Card table byte_map: [0x00000237b1e20000,0x00000237b2020000] _byte_map_base: 0x00000237b1820000

Marking Bits (Prev, Next): (CMBitMap*) 0x0000023797eef170, (CMBitMap*) 0x0000023797eef130
 Prev Bits: [0x00000237b3220000, 0x00000237b4220000)
 Next Bits: [0x00000237b2220000, 0x00000237b3220000)

Polling page: 0x000002379a360000

Metaspace:

Usage:
  Non-class:      8.31 MB used.
      Class:      1.42 MB used.
       Both:      9.73 MB used.

Virtual space:
  Non-class space:       64.00 MB reserved,       8.44 MB ( 13%) committed,  1 nodes.
      Class space:        1.00 GB reserved,       1.56 MB ( <1%) committed,  1 nodes.
             Both:        1.06 GB reserved,      10.00 MB ( <1%) committed. 

Chunk freelists:
   Non-Class:  2.19 MB
       Class:  2.49 MB
        Both:  4.68 MB

MaxMetaspaceSize: unlimited
CompressedClassSpaceSize: 1.00 GB
Initial GC threshold: 21.00 MB
Current GC threshold: 21.00 MB
CDS: on
MetaspaceReclaimPolicy: balanced
 - commit_granule_bytes: 65536.
 - commit_granule_words: 8192.
 - virtual_space_node_default_size: 8388608.
 - enlarge_chunks_in_place: 1.
 - new_chunks_are_fully_committed: 0.
 - uncommit_free_chunks: 1.
 - use_allocation_guard: 0.


Internal statistics:

num_allocs_failed_limit: 0.
num_arena_births: 102.
num_arena_deaths: 20.
num_vsnodes_births: 2.
num_vsnodes_deaths: 0.
num_space_committed: 160.
num_space_uncommitted: 0.
num_chunks_returned_to_freelist: 20.
num_chunks_taken_from_freelist: 387.
num_chunk_merges: 5.
num_chunk_splits: 296.
num_chunks_enlarged: 249.
num_inconsistent_stats: 0.

CodeHeap 'non-profiled nmethods': size=120000Kb used=3000Kb max_used=3000Kb free=116999Kb
 bounds [0x00000237a9c90000, 0x00000237a9fa0000, 0x00000237b11c0000]
CodeHeap 'profiled nmethods': size=120000Kb used=4011Kb max_used=6399Kb free=115989Kb
 bounds [0x00000237a2760000, 0x00000237a2da0000, 0x00000237a9c90000]
CodeHeap 'non-nmethods': size=5760Kb used=1163Kb max_used=1316Kb free=4596Kb
 bounds [0x00000237a21c0000, 0x00000237a2430000, 0x00000237a2760000]
 total_blobs=3436 nmethods=2998 adapters=349
 compilation: enabled
              stopped_count=0, restarted_count=0
 full_count=0

Compilation events (20 events):
Event: 179.557 Thread 0x00000237980c2d60 3944       4       java.lang.Class::getComponentType (14 bytes)
Event: 179.557 Thread 0x00000237980c2d60 nmethod 3944 0x00000237a9ea9310 code [0x00000237a9ea9480, 0x00000237a9ea9518]
Event: 203.061 Thread 0x00000237980c2d60 3945       4       java.util.TimSort::mergeHi (732 bytes)
Event: 203.084 Thread 0x00000237980c2d60 nmethod 3945 0x00000237a9f8df10 code [0x00000237a9f8e100, 0x00000237a9f8fd28]
Event: 203.700 Thread 0x00000237980c2d60 3946       4       java.util.TimSort::minRunLength (43 bytes)
Event: 203.701 Thread 0x00000237980c2d60 nmethod 3946 0x00000237a9d78c90 code [0x00000237a9d78e00, 0x00000237a9d78e98]
Event: 203.701 Thread 0x00000237980c2d60 3947       4       java.util.TimSort::mergeForceCollapse (50 bytes)
Event: 203.701 Thread 0x00000237980c2d60 nmethod 3947 0x00000237a9d78910 code [0x00000237a9d78aa0, 0x00000237a9d78b88]
Event: 204.398 Thread 0x00000237980c2d60 3948       4       java.util.TimSort::mergeAt (358 bytes)
Event: 204.400 Thread 0x00000237980c2d60 nmethod 3948 0x00000237a9d67a90 code [0x00000237a9d67c60, 0x00000237a9d67ff0]
Event: 286.359 Thread 0x00000237980c2d60 3949       4       scala.collection.immutable.HashMap$HashMapCollision1::get0 (21 bytes)
Event: 286.362 Thread 0x00000237980c2d60 nmethod 3949 0x00000237a9d6d910 code [0x00000237a9d6dac0, 0x00000237a9d6dda8]
Event: 584.596 Thread 0x00000237980c2d60 3950       4       java.lang.ref.ReferenceQueue::reallyPoll (65 bytes)
Event: 584.600 Thread 0x00000237980c2d60 nmethod 3950 0x00000237a9d67490 code [0x00000237a9d67620, 0x00000237a9d67958]
Event: 1329.974 Thread 0x00000237980c2d60 3951   !   4       java.lang.ref.ReferenceQueue::remove (125 bytes)
Event: 1329.995 Thread 0x00000237980c2d60 nmethod 3951 0x00000237a9d69d90 code [0x00000237a9d69f40, 0x00000237a9d6aaa8]
Event: 3140.257 Thread 0x00000237980cabf0 3952   !   3       jdk.internal.ref.PhantomCleanable::isListEmpty (34 bytes)
Event: 3140.257 Thread 0x00000237980cabf0 nmethod 3952 0x00000237a2896710 code [0x00000237a28968a0, 0x00000237a2896af8]
Event: 3140.257 Thread 0x00000237980cabf0 3953       3       jdk.internal.misc.InnocuousThread::eraseThreadLocals (23 bytes)
Event: 3140.257 Thread 0x00000237980cabf0 nmethod 3953 0x00000237a2c04c10 code [0x00000237a2c04da0, 0x00000237a2c04f98]

GC Heap History (20 events):
Event: 291.330 GC heap before
{Heap before GC invocations=229 (full 13):
 garbage-first heap   total 249856K, used 219684K [0x00000000c0000000, 0x0000000100000000)
  region size 1024K, 138 young (141312K), 1 survivors (1024K)
 Metaspace       used 9981K, committed 10240K, reserved 1114112K
  class space    used 1460K, committed 1600K, reserved 1048576K
}
Event: 291.331 GC heap after
{Heap after GC invocations=230 (full 13):
 garbage-first heap   total 249856K, used 79403K [0x00000000c0000000, 0x0000000100000000)
  region size 1024K, 1 young (1024K), 1 survivors (1024K)
 Metaspace       used 9981K, committed 10240K, reserved 1114112K
  class space    used 1460K, committed 1600K, reserved 1048576K
}
Event: 291.562 GC heap before
{Heap before GC invocations=230 (full 13):
 garbage-first heap   total 249856K, used 219691K [0x00000000c0000000, 0x0000000100000000)
  region size 1024K, 138 young (141312K), 1 survivors (1024K)
 Metaspace       used 9981K, committed 10240K, reserved 1114112K
  class space    used 1460K, committed 1600K, reserved 1048576K
}
Event: 291.563 GC heap after
{Heap after GC invocations=231 (full 13):
 garbage-first heap   total 249856K, used 79439K [0x00000000c0000000, 0x0000000100000000)
  region size 1024K, 1 young (1024K), 1 survivors (1024K)
 Metaspace       used 9981K, committed 10240K, reserved 1114112K
  class space    used 1460K, committed 1600K, reserved 1048576K
}
Event: 1229.887 GC heap before
{Heap before GC invocations=231 (full 13):
 garbage-first heap   total 249856K, used 203343K [0x00000000c0000000, 0x0000000100000000)
  region size 1024K, 123 young (125952K), 1 survivors (1024K)
 Metaspace       used 9981K, committed 10240K, reserved 1114112K
  class space    used 1460K, committed 1600K, reserved 1048576K
}
Event: 1229.942 GC heap after
{Heap after GC invocations=232 (full 14):
 garbage-first heap   total 249856K, used 79278K [0x00000000c0000000, 0x0000000100000000)
  region size 1024K, 0 young (0K), 0 survivors (0K)
 Metaspace       used 9981K, committed 10240K, reserved 1114112K
  class space    used 1460K, committed 1600K, reserved 1048576K
}
Event: 1306.834 GC heap before
{Heap before GC invocations=232 (full 14):
 garbage-first heap   total 249856K, used 95662K [0x00000000c0000000, 0x0000000100000000)
  region size 1024K, 17 young (17408K), 0 survivors (0K)
 Metaspace       used 9981K, committed 10240K, reserved 1114112K
  class space    used 1460K, committed 1600K, reserved 1048576K
}
Event: 1306.879 GC heap after
{Heap after GC invocations=233 (full 15):
 garbage-first heap   total 249856K, used 78485K [0x00000000c0000000, 0x0000000100000000)
  region size 1024K, 0 young (0K), 0 survivors (0K)
 Metaspace       used 9963K, committed 10240K, reserved 1114112K
  class space    used 1455K, committed 1600K, reserved 1048576K
}
Event: 1486.856 GC heap before
{Heap before GC invocations=233 (full 15):
 garbage-first heap   total 249856K, used 78485K [0x00000000c0000000, 0x0000000100000000)
  region size 1024K, 1 young (1024K), 0 survivors (0K)
 Metaspace       used 9963K, committed 10240K, reserved 1114112K
  class space    used 1455K, committed 1600K, reserved 1048576K
}
Event: 1486.899 GC heap after
{Heap after GC invocations=234 (full 16):
 garbage-first heap   total 249856K, used 78486K [0x00000000c0000000, 0x0000000100000000)
  region size 1024K, 0 young (0K), 0 survivors (0K)
 Metaspace       used 9963K, committed 10240K, reserved 1114112K
  class space    used 1455K, committed 1600K, reserved 1048576K
}
Event: 1519.516 GC heap before
{Heap before GC invocations=234 (full 16):
 garbage-first heap   total 249856K, used 78486K [0x00000000c0000000, 0x0000000100000000)
  region size 1024K, 1 young (1024K), 0 survivors (0K)
 Metaspace       used 9963K, committed 10240K, reserved 1114112K
  class space    used 1455K, committed 1600K, reserved 1048576K
}
Event: 1519.562 GC heap after
{Heap after GC invocations=235 (full 17):
 garbage-first heap   total 249856K, used 78486K [0x00000000c0000000, 0x0000000100000000)
  region size 1024K, 0 young (0K), 0 survivors (0K)
 Metaspace       used 9963K, committed 10240K, reserved 1114112K
  class space    used 1455K, committed 1600K, reserved 1048576K
}
Event: 1519.565 GC heap before
{Heap before GC invocations=235 (full 17):
 garbage-first heap   total 249856K, used 78486K [0x00000000c0000000, 0x0000000100000000)
  region size 1024K, 1 young (1024K), 0 survivors (0K)
 Metaspace       used 9963K, committed 10240K, reserved 1114112K
  class space    used 1455K, committed 1600K, reserved 1048576K
}
Event: 1519.610 GC heap after
{Heap after GC invocations=236 (full 18):
 garbage-first heap   total 249856K, used 78486K [0x00000000c0000000, 0x0000000100000000)
  region size 1024K, 0 young (0K), 0 survivors (0K)
 Metaspace       used 9963K, committed 10240K, reserved 1114112K
  class space    used 1455K, committed 1600K, reserved 1048576K
}
Event: 1519.855 GC heap before
{Heap before GC invocations=236 (full 18):
 garbage-first heap   total 249856K, used 78486K [0x00000000c0000000, 0x0000000100000000)
  region size 1024K, 1 young (1024K), 0 survivors (0K)
 Metaspace       used 9963K, committed 10240K, reserved 1114112K
  class space    used 1455K, committed 1600K, reserved 1048576K
}
Event: 1519.905 GC heap after
{Heap after GC invocations=237 (full 19):
 garbage-first heap   total 249856K, used 78486K [0x00000000c0000000, 0x0000000100000000)
  region size 1024K, 0 young (0K), 0 survivors (0K)
 Metaspace       used 9963K, committed 10240K, reserved 1114112K
  class space    used 1455K, committed 1600K, reserved 1048576K
}
Event: 6461.464 GC heap before
{Heap before GC invocations=237 (full 19):
 garbage-first heap   total 249856K, used 86678K [0x00000000c0000000, 0x0000000100000000)
  region size 1024K, 9 young (9216K), 0 survivors (0K)
 Metaspace       used 9964K, committed 10240K, reserved 1114112K
  class space    used 1455K, committed 1600K, reserved 1048576K
}
Event: 6461.519 GC heap after
{Heap after GC invocations=238 (full 20):
 garbage-first heap   total 249856K, used 78486K [0x00000000c0000000, 0x0000000100000000)
  region size 1024K, 0 young (0K), 0 survivors (0K)
 Metaspace       used 9964K, committed 10240K, reserved 1114112K
  class space    used 1455K, committed 1600K, reserved 1048576K
}
Event: 6461.520 GC heap before
{Heap before GC invocations=238 (full 20):
 garbage-first heap   total 249856K, used 78486K [0x00000000c0000000, 0x0000000100000000)
  region size 1024K, 1 young (1024K), 0 survivors (0K)
 Metaspace       used 9964K, committed 10240K, reserved 1114112K
  class space    used 1455K, committed 1600K, reserved 1048576K
}
Event: 6461.570 GC heap after
{Heap after GC invocations=239 (full 21):
 garbage-first heap   total 249856K, used 78486K [0x00000000c0000000, 0x0000000100000000)
  region size 1024K, 0 young (0K), 0 survivors (0K)
 Metaspace       used 9964K, committed 10240K, reserved 1114112K
  class space    used 1455K, committed 1600K, reserved 1048576K
}

Deoptimization events (20 events):
Event: 29.220 Thread 0x0000023797efee60 Uncommon trap: trap_request=0xffffff66 fr.pc=0x00000237a9f3afd4 relative=0x0000000000001954
Event: 29.220 Thread 0x0000023797efee60 Uncommon trap: reason=speculate_class_check action=maybe_recompile pc=0x00000237a9f3afd4 method=scala.collection.LinearSeqOptimized.foldLeft(Ljava/lang/Object;Lscala/Function2;)Ljava/lang/Object; @ 7 c2
Event: 29.220 Thread 0x0000023797efee60 DEOPT PACKING pc=0x00000237a9f3afd4 sp=0x00000099d97ea360
Event: 29.220 Thread 0x0000023797efee60 DEOPT UNPACKING pc=0x00000237a22123a3 sp=0x00000099d97ea108 mode 2
Event: 29.220 Thread 0x0000023797efee60 Uncommon trap: trap_request=0xffffff66 fr.pc=0x00000237a9f3afd4 relative=0x0000000000001954
Event: 29.220 Thread 0x0000023797efee60 Uncommon trap: reason=speculate_class_check action=maybe_recompile pc=0x00000237a9f3afd4 method=scala.collection.LinearSeqOptimized.foldLeft(Ljava/lang/Object;Lscala/Function2;)Ljava/lang/Object; @ 7 c2
Event: 29.220 Thread 0x0000023797efee60 DEOPT PACKING pc=0x00000237a9f3afd4 sp=0x00000099d97ea360
Event: 29.220 Thread 0x0000023797efee60 DEOPT UNPACKING pc=0x00000237a22123a3 sp=0x00000099d97ea108 mode 2
Event: 163.813 Thread 0x0000023797efee60 Uncommon trap: trap_request=0xffffffde fr.pc=0x00000237a9d39bc8 relative=0x0000000000000708
Event: 163.813 Thread 0x0000023797efee60 Uncommon trap: reason=class_check action=maybe_recompile pc=0x00000237a9d39bc8 method=java.util.regex.Pattern$Curly.match(Ljava/util/regex/Matcher;ILjava/lang/CharSequence;)Z @ 19 c2
Event: 163.813 Thread 0x0000023797efee60 DEOPT PACKING pc=0x00000237a9d39bc8 sp=0x00000099d97ea0a0
Event: 163.813 Thread 0x0000023797efee60 DEOPT UNPACKING pc=0x00000237a22123a3 sp=0x00000099d97ea060 mode 2
Event: 166.310 Thread 0x0000023797efee60 Uncommon trap: trap_request=0xffffffde fr.pc=0x00000237a9d39bc8 relative=0x0000000000000708
Event: 166.310 Thread 0x0000023797efee60 Uncommon trap: reason=class_check action=maybe_recompile pc=0x00000237a9d39bc8 method=java.util.regex.Pattern$Curly.match(Ljava/util/regex/Matcher;ILjava/lang/CharSequence;)Z @ 19 c2
Event: 166.310 Thread 0x0000023797efee60 DEOPT PACKING pc=0x00000237a9d39bc8 sp=0x00000099d97ea0a0
Event: 166.310 Thread 0x0000023797efee60 DEOPT UNPACKING pc=0x00000237a22123a3 sp=0x00000099d97ea060 mode 2
Event: 167.812 Thread 0x0000023797efee60 Uncommon trap: trap_request=0xffffffc6 fr.pc=0x00000237a9ee2bbc relative=0x00000000000002dc
Event: 167.812 Thread 0x0000023797efee60 Uncommon trap: reason=bimorphic_or_optimized_type_check action=maybe_recompile pc=0x00000237a9ee2bbc method=scala.collection.immutable.HashMap$HashTrieMap.get0(Ljava/lang/Object;II)Lscala/Option; @ 28 c2
Event: 167.812 Thread 0x0000023797efee60 DEOPT PACKING pc=0x00000237a9ee2bbc sp=0x00000099d97ea620
Event: 167.812 Thread 0x0000023797efee60 DEOPT UNPACKING pc=0x00000237a22123a3 sp=0x00000099d97ea580 mode 2

Classes loaded (20 events):
Event: 2.612 Loading class jdk/internal/math/FloatingDecimal$ASCIIToBinaryBuffer
Event: 2.612 Loading class jdk/internal/math/FloatingDecimal$ASCIIToBinaryBuffer done
Event: 2.765 Loading class java/io/SequenceInputStream
Event: 2.765 Loading class java/io/SequenceInputStream done
Event: 2.765 Loading class java/util/zip/GZIPInputStream$1
Event: 2.765 Loading class java/util/zip/GZIPInputStream$1 done
Event: 2.765 Loading class java/util/Vector$1
Event: 2.766 Loading class java/util/Vector$1 done
Event: 3.796 Loading class java/lang/SafeVarargs
Event: 3.796 Loading class java/lang/SafeVarargs done
Event: 3.801 Loading class java/util/AbstractList$Itr
Event: 3.801 Loading class java/util/AbstractList$Itr done
Event: 3.801 Loading class java/util/AbstractList$ListItr
Event: 3.801 Loading class java/util/AbstractList$ListItr done
Event: 3.801 Loading class java/util/AbstractList$RandomAccessSubList
Event: 3.801 Loading class java/util/AbstractList$SubList
Event: 3.802 Loading class java/util/AbstractList$SubList done
Event: 3.802 Loading class java/util/AbstractList$RandomAccessSubList done
Event: 3.802 Loading class java/util/ArrayList$ListItr
Event: 3.802 Loading class java/util/ArrayList$ListItr done

Classes unloaded (10 events):
Event: 1306.866 Thread 0x0000023797fcac90 Unloading class 0x0000000800d84800 'java/lang/invoke/LambdaForm$MH+0x0000000800d84800'
Event: 1306.866 Thread 0x0000023797fcac90 Unloading class 0x0000000800d84400 'java/lang/invoke/LambdaForm$MH+0x0000000800d84400'
Event: 1306.866 Thread 0x0000023797fcac90 Unloading class 0x0000000800d84000 'java/lang/invoke/LambdaForm$DMH+0x0000000800d84000'
Event: 1306.866 Thread 0x0000023797fcac90 Unloading class 0x0000000800d59800 'java/lang/invoke/LambdaForm$MH+0x0000000800d59800'
Event: 1306.866 Thread 0x0000023797fcac90 Unloading class 0x0000000800d58c00 'java/lang/invoke/LambdaForm$DMH+0x0000000800d58c00'
Event: 1306.866 Thread 0x0000023797fcac90 Unloading class 0x0000000800c09000 'java/lang/invoke/LambdaForm$MH+0x0000000800c09000'
Event: 1306.866 Thread 0x0000023797fcac90 Unloading class 0x0000000800c05000 'java/lang/invoke/LambdaForm$MH+0x0000000800c05000'
Event: 1306.866 Thread 0x0000023797fcac90 Unloading class 0x0000000800c04c00 'java/lang/invoke/LambdaForm$MH+0x0000000800c04c00'
Event: 1306.866 Thread 0x0000023797fcac90 Unloading class 0x0000000800c04800 'java/lang/invoke/LambdaForm$MH+0x0000000800c04800'
Event: 1306.866 Thread 0x0000023797fcac90 Unloading class 0x0000000800c00400 'java/lang/invoke/LambdaForm$MH+0x0000000800c00400'

Classes redefined (0 events):
No events

Internal exceptions (20 events):
Event: 0.419 Thread 0x0000023797efee60 Exception <a 'java/lang/NoSuchMethodError'{0x00000000cf8444e0}: 'int java.lang.invoke.DirectMethodHandle$Holder.invokeSpecial(java.lang.Object, java.lang.Object, java.lang.Object)'> (0x00000000cf8444e0) 
thrown [s\open\src\hotspot\share\interpreter\linkResolver.cpp, line 759]
Event: 0.591 Thread 0x0000023797efee60 Exception <a 'java/lang/NoSuchMethodError'{0x00000000c120a5c8}: 'java.lang.Object java.lang.invoke.DirectMethodHandle$Holder.invokeStaticInit(java.lang.Object)'> (0x00000000c120a5c8) 
thrown [s\open\src\hotspot\share\interpreter\linkResolver.cpp, line 759]
Event: 1.145 Thread 0x0000023797efee60 Exception <a 'java/lang/NoSuchMethodError'{0x00000000c1375590}: 'java.lang.Object java.lang.invoke.Invokers$Holder.invokeExact_MT(java.lang.Object, java.lang.Object, java.lang.Object, java.lang.Object, java.lang.Object, java.lang.Object)'> (0x00000000c1375590) 
thrown [s\open\src\hotspot\share\interpreter\linkResolver.cpp, line 759]
Event: 1.315 Thread 0x0000023797efee60 Exception <a 'java/lang/NoSuchMethodError'{0x00000000c0e44a78}: 'java.lang.Object java.lang.invoke.DirectMethodHandle$Holder.invokeStaticInit(java.lang.Object, java.lang.Object, java.lang.Object)'> (0x00000000c0e44a78) 
thrown [s\open\src\hotspot\share\interpreter\linkResolver.cpp, line 759]
Event: 1.402 Thread 0x0000023797efee60 Exception <a 'java/lang/NoSuchMethodError'{0x00000000c15bd798}: 'java.lang.Object java.lang.invoke.DirectMethodHandle$Holder.newInvokeSpecial(java.lang.Object, java.lang.Object, java.lang.Object, java.lang.Object, java.lang.Object)'> (0x00000000c15bd798) 
thrown [s\open\src\hotspot\share\interpreter\linkResolver.cpp, line 759]
Event: 1.439 Thread 0x0000023797efee60 Exception <a 'java/lang/NoSuchMethodError'{0x00000000c1708430}: 'java.lang.Object java.lang.invoke.DirectMethodHandle$Holder.invokeStatic(java.lang.Object, java.lang.Object, int, java.lang.Object, java.lang.Object)'> (0x00000000c1708430) 
thrown [s\open\src\hotspot\share\interpreter\linkResolver.cpp, line 759]
Event: 1.440 Thread 0x0000023797efee60 Exception <a 'java/lang/NoSuchMethodError'{0x00000000c17124f0}: 'java.lang.Object java.lang.invoke.DirectMethodHandle$Holder.newInvokeSpecial(java.lang.Object, java.lang.Object, int, java.lang.Object)'> (0x00000000c17124f0) 
thrown [s\open\src\hotspot\share\interpreter\linkResolver.cpp, line 759]
Event: 1.440 Thread 0x0000023797efee60 Exception <a 'java/lang/NoSuchMethodError'{0x00000000c1716370}: 'java.lang.Object java.lang.invoke.DirectMethodHandle$Holder.invokeSpecial(java.lang.Object, java.lang.Object, java.lang.Object, int, java.lang.Object)'> (0x00000000c1716370) 
thrown [s\open\src\hotspot\share\interpreter\linkResolver.cpp, line 759]
Event: 1.458 Thread 0x0000023797efee60 Exception <a 'java/lang/NoSuchMethodError'{0x00000000c17e48f0}: 'java.lang.Object java.lang.invoke.DirectMethodHandle$Holder.invokeStaticInit(java.lang.Object, java.lang.Object, java.lang.Object, java.lang.Object)'> (0x00000000c17e48f0) 
thrown [s\open\src\hotspot\share\interpreter\linkResolver.cpp, line 759]
Event: 1.469 Thread 0x0000023797efee60 Exception <a 'java/lang/NoSuchMethodError'{0x00000000c1654810}: 'void java.lang.invoke.DirectMethodHandle$Holder.invokeStatic(java.lang.Object, java.lang.Object)'> (0x00000000c1654810) 
thrown [s\open\src\hotspot\share\interpreter\linkResolver.cpp, line 759]
Event: 1.702 Thread 0x0000023797efee60 Exception <a 'java/lang/NoSuchMethodError'{0x00000000c8bc9908}: 'java.lang.Object java.lang.invoke.DirectMethodHandle$Holder.invokeStatic(java.lang.Object, java.lang.Object, int, java.lang.Object)'> (0x00000000c8bc9908) 
thrown [s\open\src\hotspot\share\interpreter\linkResolver.cpp, line 759]
Event: 1.703 Thread 0x0000023797efee60 Exception <a 'java/lang/NoSuchMethodError'{0x00000000c8bd2258}: 'java.lang.Object java.lang.invoke.DirectMethodHandle$Holder.newInvokeSpecial(java.lang.Object, java.lang.Object, int)'> (0x00000000c8bd2258) 
thrown [s\open\src\hotspot\share\interpreter\linkResolver.cpp, line 759]
Event: 1.709 Thread 0x0000023797efee60 Exception <a 'java/lang/NoSuchMethodError'{0x00000000c8bf5c18}: 'java.lang.Object java.lang.invoke.DirectMethodHandle$Holder.invokeStatic(java.lang.Object, int, java.lang.Object)'> (0x00000000c8bf5c18) 
thrown [s\open\src\hotspot\share\interpreter\linkResolver.cpp, line 759]
Event: 2.530 Thread 0x0000023797efee60 Exception <a 'java/lang/NoSuchMethodError'{0x00000000c57f5f20}: 'java.lang.Object java.lang.invoke.DirectMethodHandle$Holder.newInvokeSpecial(java.lang.Object, java.lang.Object, java.lang.Object, java.lang.Object, java.lang.Object, int)'> (0x00000000c57f5f20) 
thrown [s\open\src\hotspot\share\interpreter\linkResolver.cpp, line 759]
Event: 2.530 Thread 0x0000023797efee60 Exception <a 'java/lang/NoSuchMethodError'{0x00000000c57fa590}: 'java.lang.Object java.lang.invoke.DirectMethodHandle$Holder.invokeSpecial(java.lang.Object, java.lang.Object, java.lang.Object, java.lang.Object, java.lang.Object, java.lang.Object, int)'> (0x00000000c57fa590) 
thrown [s\open\src\hotspot\share\interpreter\linkResolver.cpp, line 759]
Event: 2.559 Thread 0x0000023797efee60 Exception <a 'java/lang/NoSuchMethodError'{0x00000000c56acb40}: 'java.lang.Object java.lang.invoke.DirectMethodHandle$Holder.newInvokeSpecial(java.lang.Object, java.lang.Object, java.lang.Object, java.lang.Object, int, java.lang.Object)'> (0x00000000c56acb40) 
thrown [s\open\src\hotspot\share\interpreter\linkResolver.cpp, line 759]
Event: 2.560 Thread 0x0000023797efee60 Exception <a 'java/lang/NoSuchMethodError'{0x00000000c56b0e20}: 'java.lang.Object java.lang.invoke.DirectMethodHandle$Holder.invokeSpecial(java.lang.Object, java.lang.Object, java.lang.Object, java.lang.Object, java.lang.Object, int, java.lang.Object)'> (0x00000000c56b0e20) 
thrown [s\open\src\hotspot\share\interpreter\linkResolver.cpp, line 759]
Event: 2.576 Thread 0x0000023797efee60 Exception <a 'java/lang/NoSuchMethodError'{0x00000000c56ecfd0}: 'java.lang.Object java.lang.invoke.DirectMethodHandle$Holder.invokeStaticInit(java.lang.Object, java.lang.Object, java.lang.Object, java.lang.Object, java.lang.Object)'> (0x00000000c56ecfd0) 
thrown [s\open\src\hotspot\share\interpreter\linkResolver.cpp, line 759]
Event: 2.577 Thread 0x0000023797efee60 Exception <a 'java/lang/NoSuchMethodError'{0x00000000c56f3840}: 'java.lang.Object java.lang.invoke.Invokers$Holder.invoke_MT(java.lang.Object, java.lang.Object, java.lang.Object, java.lang.Object, java.lang.Object, java.lang.Object)'> (0x00000000c56f3840) 
thrown [s\open\src\hotspot\share\interpreter\linkResolver.cpp, line 759]
Event: 3.789 Thread 0x0000023797efee60 Exception <a 'java/lang/NoSuchMethodError'{0x00000000cb647ab8}: 'int java.lang.invoke.DirectMethodHandle$Holder.invokeVirtual(java.lang.Object, java.lang.Object)'> (0x00000000cb647ab8) 
thrown [s\open\src\hotspot\share\interpreter\linkResolver.cpp, line 759]

VM Operations (20 events):
Event: 291.330 Executing VM operation: G1CollectForAllocation
Event: 291.331 Executing VM operation: G1CollectForAllocation done
Event: 291.562 Executing VM operation: G1CollectForAllocation
Event: 291.563 Executing VM operation: G1CollectForAllocation done
Event: 1229.887 Executing VM operation: G1CollectFull
Event: 1229.942 Executing VM operation: G1CollectFull done
Event: 1306.834 Executing VM operation: G1CollectFull
Event: 1306.879 Executing VM operation: G1CollectFull done
Event: 1486.856 Executing VM operation: G1CollectFull
Event: 1486.899 Executing VM operation: G1CollectFull done
Event: 1519.516 Executing VM operation: G1CollectFull
Event: 1519.562 Executing VM operation: G1CollectFull done
Event: 1519.565 Executing VM operation: G1CollectFull
Event: 1519.610 Executing VM operation: G1CollectFull done
Event: 1519.855 Executing VM operation: G1CollectFull
Event: 1519.905 Executing VM operation: G1CollectFull done
Event: 6461.464 Executing VM operation: G1CollectFull
Event: 6461.519 Executing VM operation: G1CollectFull done
Event: 6461.520 Executing VM operation: G1CollectFull
Event: 6461.570 Executing VM operation: G1CollectFull done

Events (20 events):
Event: 21.099 Thread 0x0000023797f019b0 flushing nmethod 0x00000237a2d7c690
Event: 21.099 Thread 0x0000023797f019b0 flushing nmethod 0x00000237a2d7de10
Event: 21.099 Thread 0x0000023797f019b0 flushing nmethod 0x00000237a2d7e310
Event: 21.099 Thread 0x0000023797f019b0 flushing nmethod 0x00000237a2d7e990
Event: 21.099 Thread 0x0000023797f019b0 flushing nmethod 0x00000237a2d7f790
Event: 21.099 Thread 0x0000023797f019b0 flushing nmethod 0x00000237a2d86410
Event: 21.099 Thread 0x0000023797f019b0 flushing nmethod 0x00000237a2d88e10
Event: 21.099 Thread 0x0000023797f019b0 flushing nmethod 0x00000237a2d91310
Event: 21.099 Thread 0x0000023797f019b0 flushing nmethod 0x00000237a2d92210
Event: 21.099 Thread 0x0000023797f019b0 flushing nmethod 0x00000237a2d93510
Event: 21.099 Thread 0x0000023797f019b0 flushing nmethod 0x00000237a2d93a10
Event: 21.099 Thread 0x0000023797f019b0 flushing nmethod 0x00000237a2d94b90
Event: 21.099 Thread 0x0000023797f019b0 flushing nmethod 0x00000237a2d9a210
Event: 22.054 Thread 0x00000237980c7440 Thread exited: 0x00000237980c7440
Event: 22.572 Thread 0x00000237980c92a0 Thread exited: 0x00000237980c92a0
Event: 29.261 Thread 0x00000237bc211050 Thread added: 0x00000237bc211050
Event: 29.261 Thread 0x00000237bc211a70 Thread added: 0x00000237bc211a70
Event: 29.705 Thread 0x00000237bc211a70 Thread exited: 0x00000237bc211a70
Event: 29.968 Thread 0x00000237bc211050 Thread exited: 0x00000237bc211050
Event: 1486.856 Thread 0x00000237be83d6f0 Thread added: 0x00000237be83d6f0


Dynamic libraries:
0x00007ff764560000 - 0x00007ff76457c000 	C:\ProgramData\Anaconda3\python.exe
0x00007ff90de10000 - 0x00007ff90e008000 	C:\WINDOWS\SYSTEM32\ntdll.dll
0x00007ff90c250000 - 0x00007ff90c30d000 	C:\WINDOWS\System32\KERNEL32.DLL
0x00007ff90ba70000 - 0x00007ff90bd3e000 	C:\WINDOWS\System32\KERNELBASE.dll
0x00007ff90b790000 - 0x00007ff90b890000 	C:\WINDOWS\System32\ucrtbase.dll
0x00007ff8b7c50000 - 0x00007ff8b80c6000 	C:\ProgramData\Anaconda3\python39.dll
0x00007ff9019f0000 - 0x00007ff901a09000 	C:\ProgramData\Anaconda3\VCRUNTIME140.dll
0x00007ff90d810000 - 0x00007ff90d87b000 	C:\WINDOWS\System32\WS2_32.dll
0x00007ff90cfb0000 - 0x00007ff90d0d5000 	C:\WINDOWS\System32\RPCRT4.dll
0x00007ff8ff2b0000 - 0x00007ff8ff2ba000 	C:\WINDOWS\SYSTEM32\VERSION.dll
0x00007ff90c040000 - 0x00007ff90c0ee000 	C:\WINDOWS\System32\ADVAPI32.dll
0x00007ff90d880000 - 0x00007ff90d91e000 	C:\WINDOWS\System32\msvcrt.dll
0x00007ff90d4a0000 - 0x00007ff90d53c000 	C:\WINDOWS\System32\sechost.dll
0x00007ff90aef0000 - 0x00007ff90af08000 	C:\WINDOWS\SYSTEM32\CRYPTSP.dll
0x00007ff90a600000 - 0x00007ff90a634000 	C:\WINDOWS\system32\rsaenh.dll
0x00007ff90b760000 - 0x00007ff90b787000 	C:\WINDOWS\System32\bcrypt.dll
0x00007ff90aee0000 - 0x00007ff90aeec000 	C:\WINDOWS\SYSTEM32\CRYPTBASE.dll
0x00007ff90bd40000 - 0x00007ff90bdc2000 	C:\WINDOWS\System32\bcryptPrimitives.dll
0x00007ff901920000 - 0x00007ff90192f000 	C:\ProgramData\Anaconda3\python3.DLL
0x00007ff8e7ae0000 - 0x00007ff8e7af6000 	C:\ProgramData\Anaconda3\DLLs\_socket.pyd
0x00007ff90a990000 - 0x00007ff90a9cb000 	C:\WINDOWS\SYSTEM32\IPHLPAPI.DLL
0x00007ff8fb930000 - 0x00007ff8fb93a000 	C:\ProgramData\Anaconda3\DLLs\select.pyd
0x00007ff8ef8a0000 - 0x00007ff8ef8b7000 	C:\ProgramData\Anaconda3\DLLs\_bz2.pyd
0x00007ff8e7bb0000 - 0x00007ff8e7bda000 	C:\ProgramData\Anaconda3\DLLs\_lzma.pyd
0x00007ff8cd700000 - 0x00007ff8cd7a2000 	C:\ProgramData\Anaconda3\lib\site-packages\zmq\libzmq.cp39-win_amd64.pyd
0x00007ff8d74d0000 - 0x00007ff8d755d000 	C:\WINDOWS\SYSTEM32\MSVCP140.dll
0x00007ff8ffd90000 - 0x00007ff8ffd9c000 	C:\WINDOWS\SYSTEM32\VCRUNTIME140_1.dll
0x00007ff8db4c0000 - 0x00007ff8db4d5000 	C:\ProgramData\Anaconda3\lib\site-packages\zmq\backend\cython\constants.cp39-win_amd64.pyd
0x00007ff8ef890000 - 0x00007ff8ef89c000 	C:\ProgramData\Anaconda3\lib\site-packages\zmq\backend\cython\error.cp39-win_amd64.pyd
0x00007ff8db4a0000 - 0x00007ff8db4b9000 	C:\ProgramData\Anaconda3\lib\site-packages\zmq\backend\cython\message.cp39-win_amd64.pyd
0x00007ff8db480000 - 0x00007ff8db494000 	C:\ProgramData\Anaconda3\lib\site-packages\zmq\backend\cython\context.cp39-win_amd64.pyd
0x00007ff8db360000 - 0x00007ff8db384000 	C:\ProgramData\Anaconda3\lib\site-packages\zmq\backend\cython\socket.cp39-win_amd64.pyd
0x00007ff8ecf20000 - 0x00007ff8ecf2e000 	C:\ProgramData\Anaconda3\lib\site-packages\zmq\backend\cython\utils.cp39-win_amd64.pyd
0x00007ff8db460000 - 0x00007ff8db474000 	C:\ProgramData\Anaconda3\lib\site-packages\zmq\backend\cython\_poll.cp39-win_amd64.pyd
0x00007ff8e85e0000 - 0x00007ff8e85ec000 	C:\ProgramData\Anaconda3\lib\site-packages\zmq\backend\cython\_version.cp39-win_amd64.pyd
0x00007ff8dafa0000 - 0x00007ff8dafb2000 	C:\ProgramData\Anaconda3\lib\site-packages\zmq\backend\cython\_device.cp39-win_amd64.pyd
0x00007ff8e7b30000 - 0x00007ff8e7b40000 	C:\ProgramData\Anaconda3\lib\site-packages\zmq\backend\cython\_proxy_steerable.cp39-win_amd64.pyd
0x00007ff8df3c0000 - 0x00007ff8df3e7000 	C:\ProgramData\Anaconda3\DLLs\_ssl.pyd
0x00007ff90b890000 - 0x00007ff90b9e6000 	C:\WINDOWS\System32\CRYPT32.dll
0x00007ff8b7500000 - 0x00007ff8b784c000 	C:\ProgramData\Anaconda3\Library\bin\libcrypto-1_1-x64.dll
0x00007ff90dc30000 - 0x00007ff90ddd0000 	C:\WINDOWS\System32\USER32.dll
0x00007ff90ba40000 - 0x00007ff90ba62000 	C:\WINDOWS\System32\win32u.dll
0x00007ff90c310000 - 0x00007ff90c33a000 	C:\WINDOWS\System32\GDI32.dll
0x00007ff90b530000 - 0x00007ff90b63b000 	C:\WINDOWS\System32\gdi32full.dll
0x00007ff90bdd0000 - 0x00007ff90be6d000 	C:\WINDOWS\System32\msvcp_win.dll
0x00007ff8da6b0000 - 0x00007ff8da75c000 	C:\ProgramData\Anaconda3\Library\bin\libssl-1_1-x64.dll
0x00007ff90c3a0000 - 0x00007ff90c3d0000 	C:\WINDOWS\System32\IMM32.DLL
0x00007ff8e7ac0000 - 0x00007ff8e7ad2000 	C:\ProgramData\Anaconda3\DLLs\_asyncio.pyd
0x00007ff8f5dc0000 - 0x00007ff8f5dcd000 	C:\ProgramData\Anaconda3\DLLs\_overlapped.pyd
0x00007ff90acf0000 - 0x00007ff90ad5a000 	C:\WINDOWS\system32\mswsock.dll
0x00007ff8fb8f0000 - 0x00007ff8fb8f9000 	C:\ProgramData\Anaconda3\DLLs\_queue.pyd
0x00007ff8fb9e0000 - 0x00007ff8fb9e8000 	C:\ProgramData\Anaconda3\DLLs\_uuid.pyd
0x00007ff8f6c50000 - 0x00007ff8f6c57000 	C:\ProgramData\Anaconda3\lib\site-packages\tornado\speedups.cp39-win_amd64.pyd
0x00007ff8fb990000 - 0x00007ff8fb9b0000 	C:\ProgramData\Anaconda3\DLLs\_ctypes.pyd
0x00007ff90bf10000 - 0x00007ff90c03a000 	C:\WINDOWS\System32\ole32.dll
0x00007ff90d0e0000 - 0x00007ff90d434000 	C:\WINDOWS\System32\combase.dll
0x00007ff90da30000 - 0x00007ff90dafd000 	C:\WINDOWS\System32\OLEAUT32.dll
0x00007ff901910000 - 0x00007ff90191b000 	C:\ProgramData\Anaconda3\DLLs\libffi-7.dll
0x00007ff8d76d0000 - 0x00007ff8d7713000 	C:\ProgramData\Anaconda3\DLLs\_decimal.pyd
0x00007ff90c3d0000 - 0x00007ff90cb14000 	C:\WINDOWS\System32\shell32.DLL
0x00007ff8e7b90000 - 0x00007ff8e7ba1000 	C:\ProgramData\Anaconda3\DLLs\_hashlib.pyd
0x00007ff8da820000 - 0x00007ff8da838000 	C:\ProgramData\Anaconda3\DLLs\_sqlite3.pyd
0x00007ff8b86e0000 - 0x00007ff8b8845000 	C:\ProgramData\Anaconda3\Library\bin\sqlite3.dll
0x00007ff8cd840000 - 0x00007ff8cd954000 	C:\ProgramData\Anaconda3\DLLs\unicodedata.pyd
0x00007ff8c6d80000 - 0x00007ff8c6d97000 	C:\ProgramData\Anaconda3\lib\site-packages\psutil\_psutil_windows.cp39-win_amd64.pyd
0x00007ff90be70000 - 0x00007ff90be78000 	C:\WINDOWS\System32\PSAPI.DLL
0x00007ff90ab00000 - 0x00007ff90ab4b000 	C:\WINDOWS\SYSTEM32\POWRPROF.dll
0x00007ff8ef400000 - 0x00007ff8ef449000 	C:\WINDOWS\SYSTEM32\pdh.dll
0x00007ff90a970000 - 0x00007ff90a982000 	C:\WINDOWS\SYSTEM32\UMPDC.dll
0x00007ff902420000 - 0x00007ff902434000 	C:\WINDOWS\SYSTEM32\wtsapi32.dll
0x00007ff8de3f0000 - 0x00007ff8de423000 	C:\ProgramData\Anaconda3\DLLs\pyexpat.pyd
0x00007ff8de3c0000 - 0x00007ff8de3e3000 	C:\ProgramData\Anaconda3\lib\site-packages\win32\win32api.pyd
0x00007ff8db5e0000 - 0x00007ff8db605000 	C:\ProgramData\Anaconda3\Library\bin\pywintypes39.dll
0x00007ff8ecf30000 - 0x00007ff8ecf3c000 	C:\WINDOWS\SYSTEM32\secur32.dll
0x00007ff90b420000 - 0x00007ff90b452000 	C:\WINDOWS\SYSTEM32\SSPICLI.DLL
0x00007ff8ffdc0000 - 0x00007ff8ffdc7000 	C:\ProgramData\Anaconda3\lib\site-packages\win32\_win32sysloader.pyd
0x00007ff8cd7b0000 - 0x00007ff8cd840000 	C:\ProgramData\Anaconda3\Library\bin\pythoncom39.dll
0x00007ff909430000 - 0x00007ff909442000 	C:\WINDOWS\SYSTEM32\kernel.appcore.dll
0x00007ff905180000 - 0x00007ff90521e000 	C:\WINDOWS\system32\uxtheme.dll
0x00007ff8f7520000 - 0x00007ff8f770c000 	C:\WINDOWS\SYSTEM32\urlmon.dll
0x00007ff8f7840000 - 0x00007ff8f7868000 	C:\WINDOWS\SYSTEM32\srvcli.dll
0x00007ff8f7ac0000 - 0x00007ff8f7d71000 	C:\WINDOWS\SYSTEM32\iertutil.dll
0x00007ff90aaa0000 - 0x00007ff90aaac000 	C:\WINDOWS\SYSTEM32\netutils.dll
0x00007ff90db00000 - 0x00007ff90dbad000 	C:\WINDOWS\System32\shcore.dll
0x00007ff8b94a0000 - 0x00007ff8b94fb000 	C:\ProgramData\Anaconda3\lib\site-packages\debugpy\_vendored\pydevd\_pydevd_bundle\pydevd_cython.cp39-win_amd64.pyd
0x00007ff8e1300000 - 0x00007ff8e1307000 	C:\WINDOWS\system32\wshunix.dll
0x00007ff90c100000 - 0x00007ff90c108000 	C:\WINDOWS\System32\NSI.dll
0x00007ff8ff1a0000 - 0x00007ff8ff1b7000 	C:\WINDOWS\SYSTEM32\dhcpcsvc6.DLL
0x00007ff8fff90000 - 0x00007ff8fffad000 	C:\WINDOWS\SYSTEM32\dhcpcsvc.DLL
0x00007ff90a9d0000 - 0x00007ff90aa9b000 	C:\WINDOWS\SYSTEM32\DNSAPI.dll
0x00007ff8b8670000 - 0x00007ff8b8695000 	C:\ProgramData\Anaconda3\lib\site-packages\win32\win32security.pyd
0x00007ff8f29c0000 - 0x00007ff8f29da000 	C:\WINDOWS\SYSTEM32\NETAPI32.dll
0x0000023793530000 - 0x0000023793533000 	C:\WINDOWS\SYSTEM32\security.dll
0x00007ff8b8640000 - 0x00007ff8b866a000 	C:\WINDOWS\SYSTEM32\ntdsapi.dll
0x00007ff90aab0000 - 0x00007ff90aaf4000 	C:\WINDOWS\SYSTEM32\LOGONCLI.DLL
0x00007ff8b8fe0000 - 0x00007ff8b90bb000 	C:\Users\ss\AppData\Roaming\Python\Python39\site-packages\_brotli.cp39-win_amd64.pyd
0x00007ff8b7050000 - 0x00007ff8b71f7000 	C:\ProgramData\Anaconda3\lib\site-packages\lxml\etree.cp39-win_amd64.pyd
0x00007ff8b86a0000 - 0x00007ff8b86da000 	C:\ProgramData\Anaconda3\Library\bin\libxslt.dll
0x00007ff8c66f0000 - 0x00007ff8c6708000 	C:\ProgramData\Anaconda3\Library\bin\libexslt.dll
0x00007ff8b6f10000 - 0x00007ff8b704d000 	C:\ProgramData\Anaconda3\Library\bin\libxml2.dll
0x00007ff8fb9d0000 - 0x00007ff8fb9d9000 	C:\WINDOWS\SYSTEM32\WSOCK32.dll
0x00007ff8b6ce0000 - 0x00007ff8b6dc9000 	C:\ProgramData\Anaconda3\Library\bin\iconv.dll
0x00007ff8c6680000 - 0x00007ff8c669a000 	C:\ProgramData\Anaconda3\zlib.dll
0x00007ff8e1940000 - 0x00007ff8e1947000 	C:\ProgramData\Anaconda3\Library\bin\charset.dll
0x00007ff8c6130000 - 0x00007ff8c615b000 	C:\ProgramData\Anaconda3\lib\site-packages\lxml\_elementpath.cp39-win_amd64.pyd
0x00007ff8e1c60000 - 0x00007ff8e1c67000 	C:\ProgramData\Anaconda3\lib\site-packages\mkl\_mklinit.cp39-win_amd64.pyd
0x00007ff8b17e0000 - 0x00007ff8b2b79000 	C:\ProgramData\Anaconda3\Library\bin\mkl_rt.1.dll
0x00007ff8da690000 - 0x00007ff8da6af000 	C:\ProgramData\Anaconda3\lib\site-packages\mkl\_py_mkl_service.cp39-win_amd64.pyd
0x00007ff8b7200000 - 0x00007ff8b74f4000 	C:\ProgramData\Anaconda3\lib\site-packages\numpy\core\_multiarray_umath.cp39-win_amd64.pyd
0x00007ff8d4990000 - 0x00007ff8d49b0000 	C:\ProgramData\Anaconda3\lib\site-packages\numpy\core\_multiarray_tests.cp39-win_amd64.pyd
0x00007ff8e1b40000 - 0x00007ff8e1b49000 	C:\ProgramData\Anaconda3\lib\site-packages\numpy\linalg\lapack_lite.cp39-win_amd64.pyd
0x00007ff8d4960000 - 0x00007ff8d498a000 	C:\ProgramData\Anaconda3\lib\site-packages\numpy\linalg\_umath_linalg.cp39-win_amd64.pyd
0x00007ff8d0280000 - 0x00007ff8d02a0000 	C:\ProgramData\Anaconda3\lib\site-packages\numpy\fft\_pocketfft_internal.cp39-win_amd64.pyd
0x00007ff8c71c0000 - 0x00007ff8c7254000 	C:\ProgramData\Anaconda3\lib\site-packages\numpy\random\mtrand.cp39-win_amd64.pyd
0x00007ff8cd6d0000 - 0x00007ff8cd6f9000 	C:\ProgramData\Anaconda3\lib\site-packages\numpy\random\bit_generator.cp39-win_amd64.pyd
0x00007ff8cd020000 - 0x00007ff8cd051000 	C:\ProgramData\Anaconda3\lib\site-packages\numpy\random\_common.cp39-win_amd64.pyd
0x00007ff8cced0000 - 0x00007ff8ccf12000 	C:\ProgramData\Anaconda3\lib\site-packages\numpy\random\_bounded_integers.cp39-win_amd64.pyd
0x00007ff8cd6b0000 - 0x00007ff8cd6c8000 	C:\ProgramData\Anaconda3\lib\site-packages\numpy\random\_mt19937.cp39-win_amd64.pyd
0x00007ff8c71a0000 - 0x00007ff8c71b7000 	C:\ProgramData\Anaconda3\lib\site-packages\numpy\random\_philox.cp39-win_amd64.pyd
0x00007ff8c7180000 - 0x00007ff8c7199000 	C:\ProgramData\Anaconda3\lib\site-packages\numpy\random\_pcg64.cp39-win_amd64.pyd
0x00007ff8c7160000 - 0x00007ff8c7172000 	C:\ProgramData\Anaconda3\lib\site-packages\numpy\random\_sfc64.cp39-win_amd64.pyd
0x00007ff8b9c50000 - 0x00007ff8b9cfd000 	C:\ProgramData\Anaconda3\lib\site-packages\numpy\random\_generator.cp39-win_amd64.pyd
0x00007ff8a15a0000 - 0x00007ff8a49ea000 	C:\ProgramData\Anaconda3\Library\bin\mkl_intel_thread.1.dll
0x00007ff888820000 - 0x00007ff88d2ee000 	C:\ProgramData\Anaconda3\Library\bin\mkl_core.1.dll
0x00007ff89ec20000 - 0x00007ff8a1595000 	C:\ProgramData\Anaconda3\Library\bin\mkl_avx2.1.dll
0x00007ff8b40b0000 - 0x00007ff8b4f8b000 	C:\ProgramData\Anaconda3\Library\bin\mkl_vml_avx2.1.dll
0x00007ff8d7800000 - 0x00007ff8d78dd000 	C:\ProgramData\Anaconda3\lib\site-packages\pandas\_libs\interval.cp39-win_amd64.pyd
0x00007ff8b6bd0000 - 0x00007ff8b6ce0000 	C:\ProgramData\Anaconda3\lib\site-packages\pandas\_libs\hashtable.cp39-win_amd64.pyd

dbghelp: loaded successfully - version: 4.0.5 - missing functions: none
symbol engine: initialized successfully - sym options: 0x614 - pdb path: .;C:\ProgramData\Anaconda3;C:\WINDOWS\SYSTEM32;C:\ProgramData\Anaconda3\DLLs;C:\ProgramData\Anaconda3\lib\site-packages\zmq;C:\ProgramData\Anaconda3\lib\site-packages\zmq\backend\cython;C:\ProgramData\Anaconda3\Library\bin;C:\ProgramData\Anaconda3\lib\site-packages\tornado;C:\ProgramData\Anaconda3\lib\site-packages\psutil;C:\ProgramData\Anaconda3\lib\site-packages\win32;C:\ProgramData\Anaconda3\lib\site-packages\debugpy\_vendored\pydevd\_pydevd_bundle;C:\Users\ss\AppData\Roaming\Python\Python39\site-packages;C:\ProgramData\Anaconda3\lib\site-packages\lxml;C:\ProgramData\Anaconda3\lib\site-packages\mkl;C:\ProgramData\Anaconda3\lib\site-packages\numpy\core;C:\ProgramData\Anaconda3\lib\site-packages\numpy\linalg;C:\ProgramData\Anaconda3\lib\site-packages\numpy\fft;C:\ProgramData\Anaconda3\lib\site-packages\numpy\random;C:\ProgramData\Anaconda3\lib\site-packages\pandas\_libs;C:\ProgramData\Anaconda3\lib\site-packages\pandas\_libs\tslibs;C:\ProgramData\Anaconda3\lib\site-packages\numexpr;C:\ProgramData\Anaconda3\lib\site-packages\bottleneck;C:\ProgramData\Anaconda3\lib\site-packages\pandas\_libs\window;C:\ProgramData\Anaconda3\lib\site-packages;C:\ProgramData\Anaconda3\lib\site-packages\matplotlib;C:\ProgramData\Anaconda3\lib\site-packages\PIL;C:\ProgramData\Anaconda3\lib\site-packages\matplotlib\backends;C:\ProgramData\Anaconda3\lib\site-packages\wordcloud;C:\jdk-18.0.2\bin\server;C:\jdk-18.0.2\bin;C:\ProgramData\Anaconda3\lib\site-packages\scipy\_lib;C:\ProgramData\Anaconda3\lib\site-packages\scipy\spatial;C:\ProgramData\Anaconda3\lib\site-packages\scipy\sparse;C:\ProgramData\Anaconda3\lib\site-packages\scipy\sparse\csgraph;C:\ProgramData\Anaconda3\lib\site-packages\scipy\linalg;C:\ProgramData\Anaconda3\lib\site-packages\scipy\special;C:\ProgramData\Anaconda3\lib\site-packages\scipy\spatial\transform;C:\ProgramData\Anaconda3\lib\site-packages\scipy\ndimage;C:\ProgramData\Anaconda3\lib\site-packages\scipy\optimize;C:\ProgramData\Anaconda3\lib\site-packages\scipy\sparse\linalg\isolve;C:\ProgramData\Anaconda3\lib\site-packages\scipy\sparse\linalg\dsolve;C:\ProgramData\Anaconda3\lib\site-packages\scipy\sparse\linalg\eigen\arpack;C:\ProgramData\Anaconda3\lib\site-packages\scipy\optimize\_trlib;C:\ProgramData\Anaconda3\lib\site-packages\scipy\optimize\_lsq;C:\ProgramData\Anaconda3\lib\site-packages\scipy\optimize\_highs;C:\ProgramData\Anaconda3\lib\site-packages\scipy\integrate;C:\ProgramData\Anaconda3\lib\site-packages\scipy\interpolate;C:\ProgramData\Anaconda3\lib\site-packages\scipy\stats;C:\ProgramData\Anaconda3\lib\site-packages\scipy\stats\_boost;C:\WINDOWS\WinSxS\amd64_microsoft.windows.common-controls_6595b64144ccf1df_6.0.19041.1110_none_60b5254171f9507e;C:\ProgramData\Anaconda3\lib\site-packages\regex;C:\ProgramData\Anaconda3\lib\site-packages\sklearn\__check_build;C:\ProgramData\Anaconda3\lib\site-packages\sklearn\utils;C:\ProgramData\Anaconda3\lib\site-packages\sklearn\feature_extraction;C:\ProgramData\Anaconda3\lib\site-packages\sklearn\preprocessing;C:\ProgramData\Anaconda3\lib\site-packages\sklearn\svm;C:\ProgramData\Anaconda3\lib\site-packages\sklearn\metrics;C:\ProgramData\Anaconda3\lib\site-packages\sklearn\metrics\cluster;C:\ProgramData\Anaconda3\lib\site-packages\sklearn\linear_model;C:\ProgramData\Anaconda3\lib\site-packages\sklearn\datasets;C:\ProgramData\Anaconda3\lib\site-packages\scipy\io\matlab;C:\ProgramData\Anaconda3\tcl\reg1.3;C:\Windows\System32\IME\IMEKR;C:\Windows\System32\IME\shared

VM Arguments:
jvm_args: -Dfile.encoding=UTF8 -ea -Xmx1024m 
java_command: <unknown>
java_class_path (initial): C:\ProgramData\Anaconda3\Lib\site-packages\konlpy\java;C:\ProgramData\Anaconda3\Lib\site-packages\konlpy\java\bin;C:\ProgramData\Anaconda3\Lib\site-packages\konlpy\java\aho-corasick.jar;C:\ProgramData\Anaconda3\Lib\site-packages\konlpy\java\jhannanum-0.8.4.jar;C:\ProgramData\Anaconda3\Lib\site-packages\konlpy\java\kkma-2.0.jar;C:\ProgramData\Anaconda3\Lib\site-packages\konlpy\java\komoran-3.0.jar;C:\ProgramData\Anaconda3\Lib\site-packages\konlpy\java\open-korean-text-2.1.0.jar;C:\ProgramData\Anaconda3\Lib\site-packages\konlpy\java\scala-library-2.12.3.jar;C:\ProgramData\Anaconda3\Lib\site-packages\konlpy\java\shineware-common-1.0.jar;C:\ProgramData\Anaconda3\Lib\site-packages\konlpy\java\shineware-ds-1.0.jar;C:\ProgramData\Anaconda3\Lib\site-packages\konlpy\java\snakeyaml-1.12.jar;C:\ProgramData\Anaconda3\Lib\site-packages\konlpy\java\twitter-text-1.14.7.jar;C:\ProgramData\Anaconda3\Lib\site-packages\konlpy\java\jhannanum-0.8.4.jar;C:\ProgramData\Anaconda3\Lib\site-packages\konlpy\java\kkma-2.0.jar;C:\ProgramData\Anaconda3\Lib\site-packages\konlpy\java\aho-corasick.jar;C:\ProgramData\Anaconda3\Lib\site-packages\konlpy\java\shineware-common-1.0.jar;C:\ProgramData\Anaconda3\Lib\site-packages\konlpy\java\shineware-ds-1.0.jar;C:\ProgramData\Anaconda3\Lib\site-packages\konlpy\java\komoran-3.0.jar;C:\ProgramData\Anaconda3\Lib\site-packages\konlpy\java\snakeyaml-1.12.jar;C:\ProgramData\Anaconda3\Lib\site-packages\konlpy\java\scala-library-2.12.3.jar;C:\ProgramData\Anaconda3\Lib\site-packages\konlpy\java\open-korean-text-2.1.0.jar;C:\ProgramData\Anaconda3\Lib\site-packages\konlpy\java\twitter-text-1.14.7.jar;C:\ProgramData\Anaconda3\Lib\site-packages\konlpy\java\aho-corasick.jar;C:\ProgramData\Anaconda3\Lib\site-packages\konlpy\java\jhannanum-0.8.4.jar;C:\ProgramData\Anaconda3\Lib\site-packages\konlpy\java\kkma-2.0.jar;C:\ProgramData\Anaconda3\Lib\site-packages\konlpy\java\komoran-3.0.jar;C:\ProgramData\Anaconda3\Lib\site-packages\konlpy\java\open-korean-text-2.1.0.jar;C:\ProgramData\Anaconda3\Lib\site-packages\konlpy\java\scala-library-2.12.3.jar;C:\ProgramData\Anaconda3\Lib\site-packages\konlpy\java\shineware-common-1.0.jar;C:\ProgramData\Anaconda3\Lib\site-packages\konlpy\java\shineware-ds-1.0.jar;C:\ProgramData\Anaconda3\Lib\site-packages\konlpy\java\snakeyaml-1.12.jar;C:\ProgramData\Anaconda3\Lib\site-packages\konlpy\java\twitter-text-1.14.7.jar
Launcher Type: generic

[Global flags]
     intx CICompilerCount                          = 4                                         {product} {ergonomic}
     uint ConcGCThreads                            = 2                                         {product} {ergonomic}
     uint G1ConcRefinementThreads                  = 8                                         {product} {ergonomic}
   size_t G1HeapRegionSize                         = 1048576                                   {product} {ergonomic}
    uintx GCDrainStackTargetSize                   = 64                                        {product} {ergonomic}
   size_t InitialHeapSize                          = 266338304                                 {product} {ergonomic}
   size_t MarkStackSize                            = 4194304                                   {product} {ergonomic}
   size_t MaxHeapSize                              = 1073741824                                {product} {command line}
   size_t MaxNewSize                               = 643825664                                 {product} {ergonomic}
   size_t MinHeapDeltaBytes                        = 1048576                                   {product} {ergonomic}
   size_t MinHeapSize                              = 8388608                                   {product} {ergonomic}
    uintx NonNMethodCodeHeapSize                   = 5839372                                {pd product} {ergonomic}
    uintx NonProfiledCodeHeapSize                  = 122909434                              {pd product} {ergonomic}
    uintx ProfiledCodeHeapSize                     = 122909434                              {pd product} {ergonomic}
    uintx ReservedCodeCacheSize                    = 251658240                              {pd product} {ergonomic}
     bool SegmentedCodeCache                       = true                                      {product} {ergonomic}
   size_t SoftMaxHeapSize                          = 1073741824                             {manageable} {ergonomic}
     bool UseCompressedClassPointers               = true                           {product lp64_product} {ergonomic}
     bool UseCompressedOops                        = true                           {product lp64_product} {ergonomic}
     bool UseG1GC                                  = true                                      {product} {ergonomic}
     bool UseLargePagesIndividualAllocation        = false                                  {pd product} {ergonomic}

Logging:
Log output configuration:
 #0: stdout all=warning uptime,level,tags foldmultilines=false
 #1: stderr all=off uptime,level,tags foldmultilines=false

Environment Variables:
JAVA_HOME=C:\jdk-18.0.2
PATH=C:\ProgramData\Anaconda3;C:\ProgramData\Anaconda3\Library\mingw-w64\bin;C:\ProgramData\Anaconda3\Library\usr\bin;C:\ProgramData\Anaconda3\Library\bin;C:\ProgramData\Anaconda3\Scripts;C:\WINDOWS\system32;C:\WINDOWS;C:\WINDOWS\System32\Wbem;C:\WINDOWS\System32\WindowsPowerShell\v1.0\;C:\WINDOWS\System32\OpenSSH\;C:\Users\ss\AppData\Local\Programs\Python\Python39\Scripts;C:\Program Files\Git\cmd;C:\jdk-18.0.2\bin;C:\Program Files\MySQL\MySQL Shell 8.0\bin\;C:\Users\ss\AppData\Local\Microsoft\WindowsApps;C:\Users\ss\AppData\Local\Programs\Microsoft VS Code\bin;C:\Program Files\JetBrains\PyCharm Community Edition 2022.1.3\bin;;C:\Users\ss\AppData\Local\GitHubDesktop\bin
USERNAME=ss
OS=Windows_NT
PROCESSOR_IDENTIFIER=Intel64 Family 6 Model 166 Stepping 0, GenuineIntel



---------------  S Y S T E M  ---------------

OS:
 Windows 10 , 64 bit Build 19041 (10.0.19041.1806)
OS uptime: 2 days 8:27 hours

CPU: total 8 (initial active 8) (4 cores per cpu, 2 threads per core) family 6 model 166 stepping 0 microcode 0xc6, cx8, cmov, fxsr, ht, mmx, 3dnowpref, sse, sse2, sse3, ssse3, sse4.1, sse4.2, popcnt, lzcnt, tsc, tscinvbit, avx, avx2, aes, erms, clmul, bmi1, bmi2, adx, fma, vzeroupper, clflush, clflushopt

Memory: 4k page, system-wide physical 16198M (8080M free)
TotalPageFile size 18630M (AvailPageFile size 9614M)
current process WorkingSet (physical memory assigned to process): 609M, peak: 611M
current process commit charge ("private bytes"): 661M, peak: 860M

vm_info: OpenJDK 64-Bit Server VM (18.0.2+9-61) for windows-amd64 JRE (18.0.2+9-61), built on Jun  7 2022 13:05:59 by "mach5one" with MS VC++ 16.8 / 16.9 (VS2019)

END.
